#
# A fatal error has been detected by the Java Runtime Environment:
#
#  EXCEPTION_ACCESS_VIOLATION (0xc0000005) at pc=0x00000268d1ba0040, pid=14812, tid=20864
#
# JRE version: OpenJDK Runtime Environment Temurin-17.0.6+10 (17.0.6+10) (build 17.0.6+10)
# Java VM: OpenJDK 64-Bit Server VM Temurin-17.0.6+10 (17.0.6+10, mixed mode, tiered, compressed oops, compressed class ptrs, g1 gc, windows-amd64)
# Problematic frame:
# J 452 c1 java.io.WinNTFileSystem.prefixLength(Ljava/lang/String;)I java.base@17.0.6 (91 bytes) @ 0x00000268d1ba0040 [0x00000268d1b9f7a0+0x00000000000008a0]
#
# No core dump will be written. Minidumps are not enabled by default on client versions of Windows
#
# If you would like to submit a bug report, please visit:
#   https://github.com/adoptium/adoptium-support/issues
#

---------------  S U M M A R Y ------------

Command Line: -Dmaven.home=EMBEDDED -Dclassworlds.conf=D:\stsworkspace\.metadata\.plugins\org.eclipse.m2e.launching\launches\m2conf5959918867221118465.tmp -Dmaven.multiModuleProjectDirectory=D:\demo\demo\demo -Dm2e.build.project.data.socket.port=51487 -Dfile.encoding=UTF-8 -XX:+ShowCodeDetailsInExceptionMessages org.codehaus.plexus.classworlds.launcher.Launcher -B -Dstyle.color=always install

Host: 11th Gen Intel(R) Core(TM) i3-1115G4 @ 3.00GHz, 4 cores, 7G,  Windows 11 , 64 bit Build 22621 (10.0.22621.1344)
Time: Wed Apr  5 17:28:41 2023 India Standard Time elapsed time: 5.634483 seconds (0d 0h 0m 5s)

---------------  T H R E A D  ---------------

Current thread (0x00000268ce455b40):  JavaThread "main" [_thread_in_Java, id=20864, stack(0x0000009f7b900000,0x0000009f7ba00000)]

Stack: [0x0000009f7b900000,0x0000009f7ba00000],  sp=0x0000009f7b9fc980,  free space=1010k
Native frames: (J=compiled Java code, j=interpreted, Vv=VM code, C=native code)
C  0x00000268d1ba0040


siginfo: EXCEPTION_ACCESS_VIOLATION (0xc0000005), reading address 0xffffffffffffffff


Register to memory mapping:

RIP=0x00000268d1ba0040 is at entry_point+2208 in (nmethod*)0x00000268d1b9f490
RAX=0x00000000000a706e is an unknown value
RBX=0x0000000000000027 is an unknown value
RCX=0x00000000000a706d is an unknown value
RDX=0x0000000000000072 is an unknown value
RSP=0x0000009f7b9fc980 is pointing into the stack for thread: 0x00000268ce455b40
RBP=0x0000009f7b9fcb28 is pointing into the stack for thread: 0x00000268ce455b40
RSI=0x00f4000000000130 is an unknown value
RDI=0x0000000000000070 is an unknown value
R8 =0x00000268e807f2e0 is pointing into metadata
R9 =0x0000000000000013 is an unknown value
R10=0x0000000100070930 is a pointer to class: 
java.io.WinNTFileSystem {0x0000000100070938}
 - instance size:     4
 - klass size:        94
 - access:            synchronized 
 - state:             fully_initialized
 - name:              'java/io/WinNTFileSystem'
 - super:             'java/io/FileSystem'
 - sub:               
 - arrays:            NULL
 - methods:           Array<T>(0x00000268e7e650d8)
 - method ordering:   Array<T>(0x00000268e7c00018)
 - default_methods:   Array<T>(0x0000000000000000)
 - local interfaces:  Array<T>(0x00000268e7c00058)
 - trans. interfaces: Array<T>(0x00000268e7c00058)
 - constants:         constant pool [506]/operands[21] {0x00000268e7e63f80} for 'java/io/WinNTFileSystem' cache=0x00000268e7e69dd8
 - class loader data:  loader data: 0x00000268e7813070 of 'bootstrap'
 - source file:       'WinNTFileSystem.java'
 - class annotations:       Array<T>(0x0000000000000000)
 - class type annotations:  Array<T>(0x0000000000000000)
 - field annotations:       Array<T>(0x0000000000000000)
 - field type annotations:  Array<T>(0x0000000000000000)
 - inner classes:     Array<T>(0x00000268e7e68480)
 - nest members:     Array<T>(0x00000268e7c00028)
 - permitted subclasses:     Array<T>(0x00000268e7c00028)
 - java mirror:       a 'java/lang/Class'{0x00000000841700a0} = 'java/io/WinNTFileSystem'
 - vtable length      34  (start addr: 0x0000000100070af8)
 - itable length      2 (start addr: 0x0000000100070c08)
 - ---- static fields (1 words):
 - private static final 'ENABLE_ADS' 'Z' @116 
 - private static 'driveDirCache' '[Ljava/lang/String;' @112 
 - ---- non-static fields (5 words):
 - private final 'slash' 'C' @12 
 - private final 'altSlash' 'C' @14 
 - private final 'semicolon' 'C' @16 
 - private final 'userDir' 'Ljava/lang/String;' @20 
 - private final 'cache' 'Ljava/io/ExpiringCache;' @24 
 - private final 'prefixCache' 'Ljava/io/ExpiringCache;' @28 
 - non-static oop maps: 20-28 
R11=0x00000000000aea5a is an unknown value
R12=0x0 is NULL
R13=0x00000000000016bc is an unknown value
R14=0x0000009f7b9fcb80 is pointing into the stack for thread: 0x00000268ce455b40
R15=0x00000268ce455b40 is a thread


Registers:
RAX=0x00000000000a706e, RBX=0x0000000000000027, RCX=0x00000000000a706d, RDX=0x0000000000000072
RSP=0x0000009f7b9fc980, RBP=0x0000009f7b9fcb28, RSI=0x00f4000000000130, RDI=0x0000000000000070
R8 =0x00000268e807f2e0, R9 =0x0000000000000013, R10=0x0000000100070930, R11=0x00000000000aea5a
R12=0x0000000000000000, R13=0x00000000000016bc, R14=0x0000009f7b9fcb80, R15=0x00000268ce455b40
RIP=0x00000268d1ba0040, EFLAGS=0x0000000000010297

Top of Stack: (sp=0x0000009f7b9fc980)
0x0000009f7b9fc980:   00000268eaa42910 0000000000000000
0x0000009f7b9fc990:   0000009f7b9fc9c8 0000009f7b9fca30
0x0000009f7b9fc9a0:   00000268d9039645 0000000000000000
0x0000009f7b9fc9b0:   0000000087ee2ac0 0000000087d1aad0
0x0000009f7b9fc9c0:   0000000000000001 0000000087d1aa68
0x0000009f7b9fc9d0:   0000000087ee2ac0 0000009f7b9fc9d8
0x0000009f7b9fc9e0:   00000268e96ba170 0000009f7b9fca50
0x0000009f7b9fc9f0:   00000268ea8e6050 0000000000000000
0x0000009f7b9fca00:   0000005c00000013 0000000087ee2ac0
0x0000009f7b9fca10:   00000000840808f0 0000009f7b9fca40
0x0000009f7b9fca20:   0000009f00000070 00000268d9039a97
0x0000009f7b9fca30:   0000000000000000 0000000087ee2ac0
0x0000009f7b9fca40:   0000000087ee2ad8 0000000087ee2ac0
0x0000009f7b9fca50:   0000009f7b9fcb28 00000268d1d4a76c
0x0000009f7b9fca60:   0000000087d1ae68 0000009f7b9fcad8
0x0000009f7b9fca70:   00000268ea8e6380 0000000000000000 

Instructions: (pc=0x00000268d1ba0040)
0x00000268d1b9ff40:   20 02 00 00 00 00 00 00 49 8b 1c 30 48 8d 5b 01
0x00000268d1b9ff50:   49 89 1c 30 0f 85 42 00 00 00 3b 94 24 84 00 00
0x00000268d1b9ff60:   00 48 ba 68 df 03 e9 68 02 00 00 49 b8 30 02 00
0x00000268d1b9ff70:   00 00 00 00 00 0f 85 0a 00 00 00 49 b8 40 02 00
0x00000268d1b9ff80:   00 00 00 00 00 4a 8b 34 02 48 8d 76 01 4a 89 34
0x00000268d1b9ff90:   02 0f 85 a9 05 00 00 e9 89 05 00 00 4c 8b 84 24
0x00000268d1b9ffa0:   90 00 00 00 48 be 68 df 03 e9 68 02 00 00 48 83
0x00000268d1b9ffb0:   86 50 02 00 00 01 49 b8 e0 f2 07 e8 68 02 00 00
0x00000268d1b9ffc0:   41 8b b0 cc 00 00 00 83 c6 02 41 89 b0 cc 00 00
0x00000268d1b9ffd0:   00 81 e6 fe ff 1f 00 83 fe 00 0f 84 84 08 00 00
0x00000268d1b9ffe0:   83 ff 61 49 b8 e0 f2 07 e8 68 02 00 00 48 be 10
0x00000268d1b9fff0:   01 00 00 00 00 00 00 0f 8c 0a 00 00 00 48 be 20
0x00000268d1ba0000:   01 00 00 00 00 00 00 49 8b 1c 30 48 8d 5b 01 49
0x00000268d1ba0010:   89 1c 30 0f 8c 39 00 00 00 83 ff 7a 49 b8 e0 f2
0x00000268d1ba0020:   07 e8 68 02 00 00 48 be 30 01 00 00 00 00 f4 00
0x00000268d1ba0030:   0f 8e 0a 00 00 00 48 be 40 01 00 00 00 00 00 00
0x00000268d1ba0040:   49 8b 1c 30 48 8d 5b 01 49 89 1c 30 0f 8e 7d 00
0x00000268d1ba0050:   00 00 83 ff 41 49 b8 e0 f2 07 e8 68 02 00 00 48
0x00000268d1ba0060:   be 50 01 00 00 00 00 00 00 0f 8c 0a 00 00 00 48
0x00000268d1ba0070:   be 60 01 00 00 00 00 00 00 49 8b 1c 30 48 8d 5b
0x00000268d1ba0080:   01 49 89 1c 30 0f 8c 39 00 00 00 83 ff 5a 49 b8
0x00000268d1ba0090:   e0 f2 07 e8 68 02 00 00 48 be 80 01 00 00 00 00
0x00000268d1ba00a0:   00 00 0f 8e 0a 00 00 00 48 be 70 01 00 00 00 00
0x00000268d1ba00b0:   00 00 49 8b 3c 30 48 8d 7f 01 49 89 3c 30 0f 8e
0x00000268d1ba00c0:   0b 00 00 00 41 b8 00 00 00 00 e9 17 00 00 00 49
0x00000268d1ba00d0:   b8 e0 f2 07 e8 68 02 00 00 41 ff 80 90 01 00 00
0x00000268d1ba00e0:   41 b8 01 00 00 00 41 83 e0 01 41 83 f8 00 49 b8
0x00000268d1ba00f0:   68 df 03 e9 68 02 00 00 48 be 88 02 00 00 00 00
0x00000268d1ba0100:   00 00 0f 84 0a 00 00 00 48 be 98 02 00 00 00 00
0x00000268d1ba0110:   00 00 49 8b 3c 30 48 8d 7f 01 49 89 3c 30 0f 84
0x00000268d1ba0120:   e6 03 00 00 83 fa 3a 48 ba 68 df 03 e9 68 02 00
0x00000268d1ba0130:   00 49 b8 a8 02 00 00 00 00 00 00 0f 85 0a 00 00 


Stack slot to memory mapping:
stack at sp + 0 slots: {method} {0x00000268eaa42918} 'interpolate' '(Ljava/lang/String;Ljava/lang/String;Lorg/codehaus/plexus/interpolation/RecursionInterceptor;)Ljava/lang/String;' in 'org/codehaus/plexus/interpolation/RegexBasedInterpolator'
stack at sp + 1 slots: 0x0 is NULL
stack at sp + 2 slots: 0x0000009f7b9fc9c8 is pointing into the stack for thread: 0x00000268ce455b40
stack at sp + 3 slots: 0x0000009f7b9fca30 is pointing into the stack for thread: 0x00000268ce455b40
stack at sp + 4 slots: 0x00000268d9039645 is at code_begin+1445 in an Interpreter codelet
return entry points  [0x00000268d90390a0, 0x00000268d9039b80]  2784 bytes
stack at sp + 5 slots: 0x0 is NULL
stack at sp + 6 slots: 0x0000000087ee2ac0 is an oop: java.lang.String 
{0x0000000087ee2ac0} - klass: 'java/lang/String'
 - string: "profile.module-name"
stack at sp + 7 slots: 0x0000000087d1aad0 is an oop: java.util.regex.Pattern 
{0x0000000087d1aad0} - klass: 'java/util/regex/Pattern'
 - ---- fields (total size 11 words):
 - private 'flags' 'I' @12  0
 - private transient 'flags0' 'I' @16  0
 - transient 'localTCNCount' 'I' @20  0
 - transient 'capturingGroupCount' 'I' @24  2
 - transient 'localCount' 'I' @28  1
 - private transient 'cursor' 'I' @32  11 (b)
 - private transient 'patternLength' 'I' @36  0
 - private volatile transient 'compiled' 'Z' @40  true
 - transient 'hasGroupRef' 'Z' @41  false
 - private transient 'hasSupplementary' 'Z' @42  false
 - private 'pattern' 'Ljava/lang/String;' @44  "\$\{(.+?)\}"{0x0000000084475be0} (84475be0)
 - private transient 'normalizedPattern' 'Ljava/lang/String;' @48  "\$\{(.+?)\}"{0x0000000084475be0} (84475be0)
 - transient 'root' 'Ljava/util/regex/Pattern$Node;' @52  a 'java/util/regex/Pattern$Start'{0x0000000087d1ad48} (87d1ad48)
 - transient 'matchRoot' 'Ljava/util/regex/Pattern$Node;' @56  a 'java/util/regex/Pattern$Slice'{0x0000000087d1aca0} (87d1aca0)
 - transient 'buffer' '[I' @60  NULL (0)
 - transient 'predicate' 'Ljava/util/regex/Pattern$CharPredicate;' @64  NULL (0)
 - volatile transient 'namedGroups' 'Ljava/util/Map;' @68  NULL (0)
 - transient 'groupNodes' '[Ljava/util/regex/Pattern$GroupHead;' @72  NULL (0)
 - transient 'topClosureNodes' 'Ljava/util/List;' @76  NULL (0)
 - private transient 'temp' '[I' @80  NULL (0)

--------------------------------------------------------------------------------
[Constant Pool (empty)]

--------------------------------------------------------------------------------

[MachCode]
  0x00000268d1b9f7a0: 448b 5208 | 49c1 e203 | 4c3b d00f | 85cf 1d4e | 0766 6666 | 0f1f 8400 | 0000 0000 | 6666 6690 
  0x00000268d1b9f7c0: 8984 2400 | 90ff ff55 | 4881 ecd0 | 0000 0048 | 8994 2490 | 0000 004c | 8984 2488 | 0000 0048 
  0x00000268d1b9f7e0: b968 df03 | e968 0200 | 008b b1cc | 0000 0083 | c602 89b1 | cc00 0000 | 81e6 fe07 | 0000 83fe 
  0x00000268d1b9f800: 000f 845a | 0e00 000f | b772 0c89 | b424 8400 | 0000 493b | 0049 8bc8 | 48bf 68df | 03e9 6802 
  0x00000268d1b9f820: 0000 4883 | 8710 0100 | 0001 48b9 | e07f eae7 | 6802 0000 | 8bb9 cc00 | 0000 83c7 | 0289 b9cc 
  0x00000268d1b9f840: 0000 0081 | e7fe ff1f | 0083 ff00 | 0f84 350e | 0000 418b | 7814 8b5f | 0c49 8bc8 | 48b8 e07f 
  0x00000268d1b9f860: eae7 6802 | 0000 4883 | 8010 0100 | 0001 48b9 | 687e eae7 | 6802 0000 | 8b81 cc00 | 0000 83c0 
  0x00000268d1b9f880: 0289 81cc | 0000 0081 | e0fe ff1f | 0083 f800 | 0f84 170e | 0000 48b9 | 687e eae7 | 6802 0000 
  0x00000268d1b9f8a0: ff81 2001 | 0000 410f | be40 1048 | b968 7eea | e768 0200 | 00ff 8130 | 0100 0048 | 8bc8 c1e1 
  0x00000268d1b9f8c0: 18c1 f918 | 4c8b cb41 | d3f9 4489 | 8c24 8000 | 0000 4183 | f900 48b9 | 68df 03e9 | 6802 0000 
  0x00000268d1b9f8e0: 49bb 5801 | 0000 0000 | 0000 0f84 | 0a00 0000 | 49bb 4801 | 0000 0000 | 0000 4e8b | 2c19 4d8d 
  0x00000268d1b9f900: 6d01 4e89 | 2c19 0f84 | 4f0c 0000 | 498b c849 | bb68 df03 | e968 0200 | 0049 8383 | 6801 0000 
  0x00000268d1b9f920: 0148 b948 | e9ec e768 | 0200 0044 | 8b99 cc00 | 0000 4183 | c302 4489 | 99cc 0000 | 0041 81e3 
  0x00000268d1b9f940: feff 1f00 | 4183 fb00 | 0f84 800d | 0000 498b | c849 bb48 | e9ec e768 | 0200 0049 | 8383 1001 
  0x00000268d1b9f960: 0000 0148 | b9f8 46e9 | e768 0200 | 0044 8b99 | cc00 0000 | 4183 c302 | 4489 99cc | 0000 0041 
  0x00000268d1b9f980: 81e3 feff | 1f00 4183 | fb00 0f84 | 5f0d 0000 | 48b9 f846 | e9e7 6802 | 0000 ff81 | 2001 0000 
  0x00000268d1b9f9a0: 83f8 0048 | b8f8 46e9 | e768 0200 | 0048 b930 | 0100 0000 | 0000 000f | 850a 0000 | 0048 b940 
  0x00000268d1b9f9c0: 0100 0000 | 0000 004c | 8b1c 084d | 8d5b 014c | 891c 080f | 851a 0000 | 0048 b8f8 | 46e9 e768 
  0x00000268d1b9f9e0: 0200 00ff | 8050 0100 | 00b8 0100 | 0000 e905 | 0000 00b8 | 0000 0000 | 83e0 0183 | f800 48b8 
  0x00000268d1b9fa00: 48e9 ece7 | 6802 0000 | 48b9 4801 | 0000 0000 | 0000 0f84 | 0a00 0000 | 48b9 5801 | 0000 0000 
  0x00000268d1b9fa20: 0000 4c8b | 1c08 4d8d | 5b01 4c89 | 1c08 0f84 | 9e00 0000 | 48b8 48e9 | ece7 6802 | 0000 4883 
  0x00000268d1b9fa40: 8068 0100 | 0001 48b8 | d0f2 ece7 | 6802 0000 | 8b88 cc00 | 0000 83c1 | 0289 88cc | 0000 0081 
  0x00000268d1b9fa60: e1fe ff1f | 0083 f900 | 0f84 a20c | 0000 48b8 | d0f2 ece7 | 6802 0000 | ff80 2001 | 0000 83fb 
  0x00000268d1b9fa80: 0048 bbd0 | f2ec e768 | 0200 0048 | b840 0100 | 0000 0000 | 000f 8e0a | 0000 0048 | b830 0100 
  0x00000268d1b9faa0: 0000 0000 | 0048 8b0c | 0348 8d49 | 0148 890c | 030f 8e5a | 0b00 000f | be7f 1081 | e7ff 0000 
  0x00000268d1b9fac0: 0081 e7ff | ff00 0081 | e7ff ff00 | 00e9 fa00 | 0000 4889 | 7c24 7848 | b848 e9ec | e768 0200 
  0x00000268d1b9fae0: 0048 8380 | 7801 0000 | 0148 b8c0 | de04 e868 | 0200 008b | 88cc 0000 | 0083 c102 | 8988 cc00 
  0x00000268d1b9fb00: 0000 81e1 | feff 1f00 | 83f9 000f | 8420 0c00 | 0048 b8c0 | de04 e868 | 0200 0048 | 8380 1001 
  0x00000268d1b9fb20: 0000 0148 | b8b0 fbf5 | e768 0200 | 008b 88cc | 0000 0083 | c102 8988 | cc00 0000 | 81e1 feff 
  0x00000268d1b9fb40: 1f00 83f9 | 000f 8407 | 0c00 0048 | b8b0 fbf5 | e768 0200 | 0048 8380 | 1001 0000 | 0148 b828 
  0x00000268d1b9fb60: fdf5 e768 | 0200 008b | 88cc 0000 | 0083 c102 | 8988 cc00 | 0000 81e1 | feff 1f00 | 83f9 000f 
  0x00000268d1b9fb80: 84ee 0b00 | 0048 b8b0 | fbf5 e768 | 0200 0048 | 8380 2001 | 0000 01d1 | fbba 0000 | 0000 4c8b 
  0x00000268d1b9fba0: c366 0f1f | 4400 00e8 | 542a 4e07 | 488b 7c24 | 780f b757 | 1081 e2ff | ff00 0081 | e2ff ff00 
  0x00000268d1b9fbc0: 0048 8bfa | 448b 8c24 | 8000 0000 | 4183 f901 | 48ba 68df | 03e9 6802 | 0000 49b8 | a001 0000 
  0x00000268d1b9fbe0: 0000 0000 | 0f8e 0a00 | 0000 49b8 | b001 0000 | 0000 0000 | 4a8b 3402 | 488d 7601 | 4a89 3402 
  0x00000268d1b9fc00: 0f8e 0403 | 0000 4c8b | 8424 8800 | 0000 48ba | 68df 03e9 | 6802 0000 | 4883 82c0 | 0100 0001 
  0x00000268d1b9fc20: 48ba 48e9 | ece7 6802 | 0000 448b | 82cc 0000 | 0041 83c0 | 0244 8982 | cc00 0000 | 4181 e0fe 
  0x00000268d1b9fc40: ff1f 0041 | 83f8 000f | 8447 0b00 | 004c 8b84 | 2488 0000 | 0048 ba48 | e9ec e768 | 0200 0048 
  0x00000268d1b9fc60: 8382 1001 | 0000 0148 | baf8 46e9 | e768 0200 | 0044 8b82 | cc00 0000 | 4183 c002 | 4489 82cc 
  0x00000268d1b9fc80: 0000 0041 | 81e0 feff | 1f00 4183 | f800 0f84 | 210b 0000 | 48ba f846 | e9e7 6802 | 0000 ff82 
  0x00000268d1b9fca0: 2001 0000 | 4c8b 8424 | 8800 0000 | 410f be50 | 1083 fa00 | 48ba f846 | e9e7 6802 | 0000 48be 
  0x00000268d1b9fcc0: 3001 0000 | 0000 0000 | 0f85 0a00 | 0000 48be | 4001 0000 | 0000 0000 | 488b 1c32 | 488d 5b01 
  0x00000268d1b9fce0: 4889 1c32 | 0f85 1a00 | 0000 48ba | f846 e9e7 | 6802 0000 | ff82 5001 | 0000 ba01 | 0000 00e9 
  0x00000268d1b9fd00: 0500 0000 | ba00 0000 | 0083 e201 | 83fa 0048 | ba48 e9ec | e768 0200 | 0048 be48 | 0100 0000 
  0x00000268d1b9fd20: 0000 000f | 840a 0000 | 0048 be58 | 0100 0000 | 0000 0048 | 8b1c 3248 | 8d5b 0148 | 891c 320f 
  0x00000268d1b9fd40: 84ac 0000 | 0041 8b50 | 1448 be48 | e9ec e768 | 0200 0048 | 8386 6801 | 0000 0148 | bed0 f2ec 
  0x00000268d1b9fd60: e768 0200 | 008b 9ecc | 0000 0083 | c302 899e | cc00 0000 | 81e3 feff | 1f00 83fb | 000f 8453 
  0x00000268d1b9fd80: 0a00 0048 | bed0 f2ec | e768 0200 | 00ff 8620 | 0100 008b | 720c 83fe | 0148 bed0 | f2ec e768 
  0x00000268d1b9fda0: 0200 0048 | bb40 0100 | 0000 0000 | 000f 8e0a | 0000 0048 | bb30 0100 | 0000 0000 | 0048 8b04 
  0x00000268d1b9fdc0: 1e48 8d40 | 0148 8904 | 1e0f 8ef2 | 0700 000f | be52 1181 | e2ff 0000 | 0081 e2ff | ff00 0081 
  0x00000268d1b9fde0: e2ff ff00 | 0089 bc24 | a000 0000 | e903 0100 | 0089 bc24 | a000 0000 | 418b 7014 | 48ba 48e9 
  0x00000268d1b9fe00: ece7 6802 | 0000 4883 | 8278 0100 | 0001 48ba | c0de 04e8 | 6802 0000 | 8b9a cc00 | 0000 83c3 
  0x00000268d1b9fe20: 0289 9acc | 0000 0081 | e3fe ff1f | 0083 fb00 | 0f84 c609 | 0000 48ba | c0de 04e8 | 6802 0000 
  0x00000268d1b9fe40: 4883 8210 | 0100 0001 | 48ba b0fb | f5e7 6802 | 0000 8b9a | cc00 0000 | 83c3 0289 | 9acc 0000 
  0x00000268d1b9fe60: 0081 e3fe | ff1f 0083 | fb00 0f84 | ad09 0000 | 48ba b0fb | f5e7 6802 | 0000 4883 | 8210 0100 
  0x00000268d1b9fe80: 0001 48ba | 28fd f5e7 | 6802 0000 | 8b9a cc00 | 0000 83c3 | 0289 9acc | 0000 0081 | e3fe ff1f 
  0x00000268d1b9fea0: 0083 fb00 | 0f84 9409 | 0000 8b56 | 0c48 bbb0 | fbf5 e768 | 0200 0048 | 8383 2001 | 0000 0148 
  0x00000268d1b9fec0: 8bda d1fb | ba01 0000 | 004c 8bc3 | 4889 b424 | 9800 0000 | 6666 90e8 | 2427 4e07 | 488b b424 
  0x00000268d1b9fee0: 9800 0000 | 0fb7 5612 | 81e2 ffff | 0000 81e2 | ffff 0000 | 49b8 68df | 03e9 6802 | 0000 41ff 
  0x00000268d1b9ff00: 80f8 0100 | 00e9 0c00 | 0000 89bc | 24a0 0000 | 00ba 0000 | 0000 8bbc | 24a0 0000 | 003b bc24 
  0x00000268d1b9ff20: 8400 0000 | 49b8 68df | 03e9 6802 | 0000 48be | 1002 0000 | 0000 0000 | 0f85 0a00 | 0000 48be 
  0x00000268d1b9ff40: 2002 0000 | 0000 0000 | 498b 1c30 | 488d 5b01 | 4989 1c30 | 0f85 4200 | 0000 3b94 | 2484 0000 
  0x00000268d1b9ff60: 0048 ba68 | df03 e968 | 0200 0049 | b830 0200 | 0000 0000 | 000f 850a | 0000 0049 | b840 0200 
  0x00000268d1b9ff80: 0000 0000 | 004a 8b34 | 0248 8d76 | 014a 8934 | 020f 85a9 | 0500 00e9 | 8905 0000 | 4c8b 8424 
  0x00000268d1b9ffa0: 9000 0000 | 48be 68df | 03e9 6802 | 0000 4883 | 8650 0200 | 0001 49b8 | e0f2 07e8 | 6802 0000 
  0x00000268d1b9ffc0: 418b b0cc | 0000 0083 | c602 4189 | b0cc 0000 | 0081 e6fe | ff1f 0083 | fe00 0f84 | 8408 0000 
  0x00000268d1b9ffe0: 83ff 6149 | b8e0 f207 | e868 0200 | 0048 be10 | 0100 0000 | 0000 000f | 8c0a 0000 | 0048 be20 
  0x00000268d1ba0000: 0100 0000 | 0000 0049 | 8b1c 3048 | 8d5b 0149 | 891c 300f | 8c39 0000 | 0083 ff7a | 49b8 e0f2 
  0x00000268d1ba0020: 07e8 6802 | 0000 48be | 3001 0000 | 0000 f400 | 0f8e 0a00 | 0000 48be | 4001 0000 | 0000 0000 
  0x00000268d1ba0040: 498b 1c30 | 488d 5b01 | 4989 1c30 | 0f8e 7d00 | 0000 83ff | 4149 b8e0 | f207 e868 | 0200 0048 
  0x00000268d1ba0060: be50 0100 | 0000 0000 | 000f 8c0a | 0000 0048 | be60 0100 | 0000 0000 | 0049 8b1c | 3048 8d5b 
  0x00000268d1ba0080: 0149 891c | 300f 8c39 | 0000 0083 | ff5a 49b8 | e0f2 07e8 | 6802 0000 | 48be 8001 | 0000 0000 
  0x00000268d1ba00a0: 0000 0f8e | 0a00 0000 | 48be 7001 | 0000 0000 | 0000 498b | 3c30 488d | 7f01 4989 | 3c30 0f8e 
  0x00000268d1ba00c0: 0b00 0000 | 41b8 0000 | 0000 e917 | 0000 0049 | b8e0 f207 | e868 0200 | 0041 ff80 | 9001 0000 
  0x00000268d1ba00e0: 41b8 0100 | 0000 4183 | e001 4183 | f800 49b8 | 68df 03e9 | 6802 0000 | 48be 8802 | 0000 0000 
  0x00000268d1ba0100: 0000 0f84 | 0a00 0000 | 48be 9802 | 0000 0000 | 0000 498b | 3c30 488d | 7f01 4989 | 3c30 0f84 
  0x00000268d1ba0120: e603 0000 | 83fa 3a48 | ba68 df03 | e968 0200 | 0049 b8a8 | 0200 0000 | 0000 000f | 850a 0000 
  0x00000268d1ba0140: 0049 b8b8 | 0200 0000 | 0000 004a | 8b34 0248 | 8d76 014a | 8934 020f | 85ad 0300 | 0044 8b8c 
  0x00000268d1ba0160: 2480 0000 | 0041 83f9 | 0248 ba68 | df03 e968 | 0200 0049 | b8c8 0200 | 0000 0000 | 000f 8e0a 
  0x00000268d1ba0180: 0000 0049 | b8d8 0200 | 0000 0000 | 004a 8b34 | 0248 8d76 | 014a 8934 | 020f 8e35 | 0300 004c 
  0x00000268d1ba01a0: 8b84 2488 | 0000 0048 | ba68 df03 | e968 0200 | 0048 8382 | e802 0000 | 0148 ba48 | e9ec e768 
  0x00000268d1ba01c0: 0200 0044 | 8b82 cc00 | 0000 4183 | c002 4489 | 82cc 0000 | 0041 81e0 | feff 1f00 | 4183 f800 
  0x00000268d1ba01e0: 0f84 9f06 | 0000 4c8b | 8424 8800 | 0000 48ba | 48e9 ece7 | 6802 0000 | 4883 8210 | 0100 0001 
  0x00000268d1ba0200: 48ba f846 | e9e7 6802 | 0000 448b | 82cc 0000 | 0041 83c0 | 0244 8982 | cc00 0000 | 4181 e0fe 
  0x00000268d1ba0220: ff1f 0041 | 83f8 000f | 8479 0600 | 0048 baf8 | 46e9 e768 | 0200 00ff | 8220 0100 | 004c 8b84 
  0x00000268d1ba0240: 2488 0000 | 0041 0fbe | 5010 83fa | 0048 baf8 | 46e9 e768 | 0200 0048 | be30 0100 | 0000 0000 
  0x00000268d1ba0260: 000f 850a | 0000 0048 | be40 0100 | 0000 0000 | 0048 8b3c | 3248 8d7f | 0148 893c | 320f 851a 
  0x00000268d1ba0280: 0000 0048 | baf8 46e9 | e768 0200 | 00ff 8250 | 0100 00ba | 0100 0000 | e905 0000 | 00ba 0000 
  0x00000268d1ba02a0: 0000 83e2 | 0183 fa00 | 48ba 48e9 | ece7 6802 | 0000 48be | 4801 0000 | 0000 0000 | 0f84 0a00 
  0x00000268d1ba02c0: 0000 48be | 5801 0000 | 0000 0000 | 488b 3c32 | 488d 7f01 | 4889 3c32 | 0f84 aa00 | 0000 418b 
  0x00000268d1ba02e0: 5014 49b8 | 48e9 ece7 | 6802 0000 | 4983 8068 | 0100 0001 | 49b8 d0f2 | ece7 6802 | 0000 418b 
  0x00000268d1ba0300: b0cc 0000 | 0083 c602 | 4189 b0cc | 0000 0081 | e6fe ff1f | 0083 fe00 | 0f84 a905 | 0000 49b8 
  0x00000268d1ba0320: d0f2 ece7 | 6802 0000 | 41ff 8020 | 0100 0044 | 8b42 0c41 | 83f8 0249 | b8d0 f2ec | e768 0200 
  0x00000268d1ba0340: 0048 be40 | 0100 0000 | 0000 000f | 8e0a 0000 | 0048 be30 | 0100 0000 | 0000 0049 | 8b3c 3048 
  0x00000268d1ba0360: 8d7f 0149 | 893c 300f | 8e09 0200 | 000f be52 | 1281 e2ff | 0000 0081 | e2ff ff00 | 0081 e2ff 
  0x00000268d1ba0380: ff00 00e9 | 0f01 0000 | 418b 7014 | 48ba 48e9 | ece7 6802 | 0000 4883 | 8278 0100 | 0001 48ba 
  0x00000268d1ba03a0: c0de 04e8 | 6802 0000 | 448b 82cc | 0000 0041 | 83c0 0244 | 8982 cc00 | 0000 4181 | e0fe ff1f 
  0x00000268d1ba03c0: 0041 83f8 | 000f 8422 | 0500 0048 | bac0 de04 | e868 0200 | 0048 8382 | 1001 0000 | 0148 bab0 
  0x00000268d1ba03e0: fbf5 e768 | 0200 0044 | 8b82 cc00 | 0000 4183 | c002 4489 | 82cc 0000 | 0041 81e0 | feff 1f00 
  0x00000268d1ba0400: 4183 f800 | 0f84 0405 | 0000 48ba | b0fb f5e7 | 6802 0000 | 4883 8210 | 0100 0001 | 48ba 28fd 
  0x00000268d1ba0420: f5e7 6802 | 0000 448b | 82cc 0000 | 0041 83c0 | 0244 8982 | cc00 0000 | 4181 e0fe | ff1f 0041 
  0x00000268d1ba0440: 83f8 000f | 84e6 0400 | 008b 560c | 49b8 b0fb | f5e7 6802 | 0000 4983 | 8020 0100 | 0001 4c8b 
  0x00000268d1ba0460: c241 d1f8 | ba02 0000 | 0048 89b4 | 24a8 0000 | 0066 0f1f | 4400 00e8 | 8421 4e07 | 488b b424 
  0x00000268d1ba0480: a800 0000 | 0fb7 4614 | 81e0 ffff | 0000 81e0 | ffff 0000 | 488b d03b | 9424 8400 | 0000 48b8 
  0x00000268d1ba04a0: 68df 03e9 | 6802 0000 | 48ba 3003 | 0000 0000 | 0000 0f84 | 0a00 0000 | 48ba 2003 | 0000 0000 
  0x00000268d1ba04c0: 0000 4c8b | 0410 4d8d | 4001 4c89 | 0410 0f84 | 1b00 0000 | b802 0000 | 0048 81c4 | d000 0000 
  0x00000268d1ba04e0: 5d49 3ba7 | 4003 0000 | 0f87 6704 | 0000 c3b8 | 0300 0000 | 4881 c4d0 | 0000 005d | 493b a740 
  0x00000268d1ba0500: 0300 000f | 8762 0400 | 00c3 b800 | 0000 0048 | 81c4 d000 | 0000 5d49 | 3ba7 4003 | 0000 0f87 
  0x00000268d1ba0520: 5d04 0000 | c3b8 0200 | 0000 4881 | c4d0 0000 | 005d 493b | a740 0300 | 000f 8758 | 0400 00c3 
  0x00000268d1ba0540: b801 0000 | 0048 81c4 | d000 0000 | 5d49 3ba7 | 4003 0000 | 0f87 5304 | 0000 c3b8 | 0000 0000 
  0x00000268d1ba0560: 4881 c4d0 | 0000 005d | 493b a740 | 0300 000f | 874e 0400 | 00c3 6690 | e96b 0400 | 0000 0000 
  0x00000268d1ba0580: 0000 e96b | 0400 004c | 8bc0 48ba | d0f2 ece7 | 6802 0000 | 4883 8250 | 0100 0001 | 41b8 0200 
  0x00000268d1ba05a0: 0000 488b | d048 8984 | 24b0 0000 | 0066 90e8 | 4c15 4e07 | 488b 8424 | b000 0000 | e9a9 0400 
  0x00000268d1ba05c0: 0089 bc24 | a000 0000 | e941 0400 | 0000 0000 | 0000 e941 | 0400 0048 | 8bd0 48be | d0f2 ece7 
  0x00000268d1ba05e0: 6802 0000 | 4883 8650 | 0100 0001 | 41b8 0100 | 0000 488b | d048 8984 | 24b8 0000 | 0066 90e8 
  0x00000268d1ba0600: fc14 4e07 | 488b 8424 | b800 0000 | e959 0400 | 000f 1f80 | 0000 0000 | e917 0400 | 0000 0000 
  0x00000268d1ba0620: 0000 e917 | 0400 0048 | 8bd0 48bb | d0f2 ece7 | 6802 0000 | 4883 8350 | 0100 0001 | 41b8 0000 
  0x00000268d1ba0640: 0000 488b | d048 8984 | 24c0 0000 | 0066 90e8 | ac14 4e07 | 488b 8424 | c000 0000 | e909 0400 
  0x00000268d1ba0660: 0049 ba40 | 5de6 e768 | 0200 004c | 8954 2408 | 48c7 0424 | ffff ffff | e803 aa58 | 07e9 85f1 
  0x00000268d1ba0680: ffff e899 | 4758 0749 | ba68 98c0 | e768 0200 | 004c 8954 | 2408 48c7 | 0424 ffff | ffff e8dd 
  0x00000268d1ba06a0: a958 07e9 | aaf1 ffff | e873 4758 | 0749 bac0 | f0c0 e768 | 0200 004c | 8954 2408 | 48c7 0424 
  0x00000268d1ba06c0: ffff ffff | e8b7 a958 | 07e9 c8f1 | ffff 49ba | e099 c0e7 | 6802 0000 | 4c89 5424 | 0848 c704 
  0x00000268d1ba06e0: 24ff ffff | ffe8 96a9 | 5807 e95f | f2ff ff49 | ba10 f2c0 | e768 0200 | 004c 8954 | 2408 48c7 
  0x00000268d1ba0700: 0424 ffff | ffff e875 | a958 07e9 | 80f2 ffff | 49ba 184f | d7e7 6802 | 0000 4c89 | 5424 0848 
  0x00000268d1ba0720: c704 24ff | ffff ffe8 | 54a9 5807 | e93d f3ff | ff49 bac8 | f4ed e768 | 0200 004c | 8954 2408 
  0x00000268d1ba0740: 48c7 0424 | ffff ffff | e833 a958 | 07e9 bff3 | ffff 49ba | 40ff ede7 | 6802 0000 | 4c89 5424 
  0x00000268d1ba0760: 0848 c704 | 24ff ffff | ffe8 12a9 | 5807 e9d8 | f3ff ff49 | bac0 9fed | e768 0200 | 004c 8954 
  0x00000268d1ba0780: 2408 48c7 | 0424 ffff | ffff e8f1 | a858 07e9 | f1f3 ffff | 49ba e099 | c0e7 6802 | 0000 4c89 
  0x00000268d1ba07a0: 5424 0848 | c704 24ff | ffff ffe8 | d0a8 5807 | e998 f4ff | ff49 ba10 | f2c0 e768 | 0200 004c 
  0x00000268d1ba07c0: 8954 2408 | 48c7 0424 | ffff ffff | e8af a858 | 07e9 bef4 | ffff 49ba | 184f d7e7 | 6802 0000 
  0x00000268d1ba07e0: 4c89 5424 | 0848 c704 | 24ff ffff | ffe8 8ea8 | 5807 e98c | f5ff ffe8 | 2446 5807 | 49ba c8f4 
  0x00000268d1ba0800: ede7 6802 | 0000 4c89 | 5424 0848 | c704 24ff | ffff ffe8 | 68a8 5807 | e919 f6ff | ff49 ba40 
  0x00000268d1ba0820: ffed e768 | 0200 004c | 8954 2408 | 48c7 0424 | ffff ffff | e847 a858 | 07e9 32f6 | ffff 49ba 
  0x00000268d1ba0840: c09f ede7 | 6802 0000 | 4c89 5424 | 0848 c704 | 24ff ffff | ffe8 26a8 | 5807 e94b | f6ff ffe8 
  0x00000268d1ba0860: bc45 5807 | 49ba d854 | e6e7 6802 | 0000 4c89 | 5424 0848 | c704 24ff | ffff ffe8 | 00a8 5807 
  0x00000268d1ba0880: e95b f7ff | ff49 bae0 | 99c0 e768 | 0200 004c | 8954 2408 | 48c7 0424 | ffff ffff | e8df a758 
  0x00000268d1ba08a0: 07e9 40f9 | ffff 49ba | 10f2 c0e7 | 6802 0000 | 4c89 5424 | 0848 c704 | 24ff ffff | ffe8 bea7 
  0x00000268d1ba08c0: 5807 e966 | f9ff ff49 | ba18 4fd7 | e768 0200 | 004c 8954 | 2408 48c7 | 0424 ffff | ffff e89d 
  0x00000268d1ba08e0: a758 07e9 | 36fa ffff | e833 4558 | 0749 bac8 | f4ed e768 | 0200 004c | 8954 2408 | 48c7 0424 
  0x00000268d1ba0900: ffff ffff | e877 a758 | 07e9 bdfa | ffff 49ba | 40ff ede7 | 6802 0000 | 4c89 5424 | 0848 c704 
  0x00000268d1ba0920: 24ff ffff | ffe8 56a7 | 5807 e9db | faff ff49 | bac0 9fed | e768 0200 | 004c 8954 | 2408 48c7 
  0x00000268d1ba0940: 0424 ffff | ffff e835 | a758 07e9 | f9fa ffff | e8cb 4458 | 0749 bae1 | 04ba d168 | 0200 004d 
  0x00000268d1ba0960: 8997 5803 | 0000 e915 | 864e 0749 | bafc 04ba | d168 0200 | 004d 8997 | 5803 0000 | e9ff 854e 
  0x00000268d1ba0980: 0749 ba17 | 05ba d168 | 0200 004d | 8997 5803 | 0000 e9e9 | 854e 0749 | ba32 05ba | d168 0200 
  0x00000268d1ba09a0: 004d 8997 | 5803 0000 | e9d3 854e | 0749 ba4d | 05ba d168 | 0200 004d | 8997 5803 | 0000 e9bd 
  0x00000268d1ba09c0: 854e 0749 | ba68 05ba | d168 0200 | 004d 8997 | 5803 0000 | e9a7 854e | 0748 ba00 | 0000 0000 
  0x00000268d1ba09e0: 0000 00b8 | 000f 050a | e813 9058 | 07e9 86fb | ffff 488b | d2e8 064b | 5807 e988 | fbff ff48 
  0x00000268d1ba0a00: ba00 0000 | 0000 0000 | 00b8 000f | 050a e8ed | 8f58 07e9 | b0fb ffff | 488b d2e8 | e04a 5807 
  0x00000268d1ba0a20: e9b2 fbff | ff48 ba00 | 0000 0000 | 0000 00b8 | 000f 050a | e8c7 8f58 | 07e9 dafb | ffff 488b 
  0x00000268d1ba0a40: d2e8 ba4a | 5807 e9dc | fbff ff90 | 9049 8b87 | d003 0000 | 49c7 87d0 | 0300 0000 | 0000 0049 
  0x00000268d1ba0a60: c787 d803 | 0000 0000 | 0000 4881 | c4d0 0000 | 005d e989 | 634f 07f4 | f4f4 f4f4 | f4f4 f4f4 
  0x00000268d1ba0a80: 0f1f 4400 | 0048 bb00 | 0000 0000 | 0000 00e9 | fbff ffff | 9048 bb00 | 0000 0000 | 0000 00e9 
  0x00000268d1ba0aa0: fbff ffff | 9048 bb00 | 0000 0000 | 0000 00e9 | fbff ffff | 9048 bb00 | 0000 0000 | 0000 00e9 
  0x00000268d1ba0ac0: fbff ffff | 9048 bb00 | 0000 0000 | 0000 00e9 | fbff ffff | 9048 bb00 | 0000 0000 | 0000 00e9 
  0x00000268d1ba0ae0: fbff ffff | e817 6958 | 0748 b9a8 | 8622 6afb | 7f00 0048 | 83e4 f049 | ba60 b8ea | 69fb 7f00 
  0x00000268d1ba0b00: 0041 ffd2 | f449 ba05 | 0bba d168 | 0200 0041 | 52e9 0a99 | 4e07 f4f4 
[/MachCode]
--------------------------------------------------------------------------------


---------------  P R O C E S S  ---------------

Threads class SMR info:
_java_thread_list=0x00000268eba067d0, length=18, elements={
0x00000268ce455b40, 0x00000268e8413020, 0x00000268e84139d0, 0x00000268e79c9780,
0x00000268e79ca040, 0x00000268e79ca900, 0x00000268e79cd2c0, 0x00000268e79ce050,
0x00000268e843c530, 0x00000268e8465e10, 0x00000268e85b1570, 0x00000268e85cdae0,
0x00000268ea4c9290, 0x00000268ea4c8dc0, 0x00000268ea4c7f50, 0x00000268ea4ca100,
0x00000268ea4cb910, 0x00000268e8a42070
}

Java Threads: ( => current thread )
=>0x00000268ce455b40 JavaThread "main" [_thread_in_Java, id=20864, stack(0x0000009f7b900000,0x0000009f7ba00000)]
  0x00000268e8413020 JavaThread "Reference Handler" daemon [_thread_blocked, id=14652, stack(0x0000009f7c000000,0x0000009f7c100000)]
  0x00000268e84139d0 JavaThread "Finalizer" daemon [_thread_blocked, id=25048, stack(0x0000009f7c100000,0x0000009f7c200000)]
  0x00000268e79c9780 JavaThread "Signal Dispatcher" daemon [_thread_blocked, id=24528, stack(0x0000009f7c200000,0x0000009f7c300000)]
  0x00000268e79ca040 JavaThread "Attach Listener" daemon [_thread_blocked, id=4592, stack(0x0000009f7c300000,0x0000009f7c400000)]
  0x00000268e79ca900 JavaThread "Service Thread" daemon [_thread_blocked, id=7964, stack(0x0000009f7c400000,0x0000009f7c500000)]
  0x00000268e79cd2c0 JavaThread "Monitor Deflation Thread" daemon [_thread_blocked, id=11448, stack(0x0000009f7c500000,0x0000009f7c600000)]
  0x00000268e79ce050 JavaThread "C2 CompilerThread0" daemon [_thread_blocked, id=17528, stack(0x0000009f7c600000,0x0000009f7c700000)]
  0x00000268e843c530 JavaThread "C1 CompilerThread0" daemon [_thread_blocked, id=20340, stack(0x0000009f7c700000,0x0000009f7c800000)]
  0x00000268e8465e10 JavaThread "Sweeper thread" daemon [_thread_blocked, id=23500, stack(0x0000009f7c800000,0x0000009f7c900000)]
  0x00000268e85b1570 JavaThread "Notification Thread" daemon [_thread_blocked, id=22196, stack(0x0000009f7c900000,0x0000009f7ca00000)]
  0x00000268e85cdae0 JavaThread "Common-Cleaner" daemon [_thread_blocked, id=25336, stack(0x0000009f7cb00000,0x0000009f7cc00000)]
  0x00000268ea4c9290 JavaThread "resolver-1" daemon [_thread_blocked, id=4160, stack(0x0000009f7d100000,0x0000009f7d200000)]
  0x00000268ea4c8dc0 JavaThread "resolver-2" daemon [_thread_blocked, id=820, stack(0x0000009f7d200000,0x0000009f7d300000)]
  0x00000268ea4c7f50 JavaThread "resolver-3" daemon [_thread_blocked, id=15824, stack(0x0000009f7d300000,0x0000009f7d400000)]
  0x00000268ea4ca100 JavaThread "resolver-4" daemon [_thread_blocked, id=16300, stack(0x0000009f7d400000,0x0000009f7d500000)]
  0x00000268ea4cb910 JavaThread "resolver-5" daemon [_thread_blocked, id=13752, stack(0x0000009f7d500000,0x0000009f7d600000)]
  0x00000268e8a42070 JavaThread "C2 CompilerThread1" daemon [_thread_blocked, id=19928, stack(0x0000009f7cc00000,0x0000009f7cd00000)]

Other Threads:
  0x00000268e794fd20 VMThread "VM Thread" [stack: 0x0000009f7bf00000,0x0000009f7c000000] [id=6872]
  0x00000268e8554f30 WatcherThread [stack: 0x0000009f7ca00000,0x0000009f7cb00000] [id=19076]
  0x00000268ce4b0aa0 GCTaskThread "GC Thread#0" [stack: 0x0000009f7ba00000,0x0000009f7bb00000] [id=23000]
  0x00000268e8a4d750 GCTaskThread "GC Thread#1" [stack: 0x0000009f7cd00000,0x0000009f7ce00000] [id=24788]
  0x00000268e8a4db80 GCTaskThread "GC Thread#2" [stack: 0x0000009f7ce00000,0x0000009f7cf00000] [id=24208]
  0x00000268e986a430 GCTaskThread "GC Thread#3" [stack: 0x0000009f7cf00000,0x0000009f7d000000] [id=25056]
  0x00000268ce4c1340 ConcurrentGCThread "G1 Main Marker" [stack: 0x0000009f7bb00000,0x0000009f7bc00000] [id=25816]
  0x00000268ce4c33a0 ConcurrentGCThread "G1 Conc#0" [stack: 0x0000009f7bc00000,0x0000009f7bd00000] [id=25428]
  0x00000268e77f20b0 ConcurrentGCThread "G1 Refine#0" [stack: 0x0000009f7bd00000,0x0000009f7be00000] [id=22692]
  0x00000268e8f617f0 ConcurrentGCThread "G1 Refine#1" [stack: 0x0000009f7d000000,0x0000009f7d100000] [id=3384]
  0x00000268e77f2970 ConcurrentGCThread "G1 Service" [stack: 0x0000009f7be00000,0x0000009f7bf00000] [id=18012]

Threads with active compile tasks:

VM state: not at safepoint (normal execution)

VM Mutex/Monitor currently owned by a thread: None

Heap address: 0x0000000084000000, size: 1984 MB, Compressed Oops mode: 32-bit

CDS archive(s) not mapped
Compressed class space mapped at: 0x0000000100000000-0x0000000140000000, reserved size: 1073741824
Narrow klass base: 0x0000000000000000, Narrow klass shift: 3, Narrow klass range: 0x140000000

GC Precious Log:
 CPUs: 4 total, 4 available
 Memory: 7932M
 Large Page Support: Disabled
 NUMA Support: Disabled
 Compressed Oops: Enabled (32-bit)
 Heap Region Size: 1M
 Heap Min Capacity: 8M
 Heap Initial Capacity: 124M
 Heap Max Capacity: 1984M
 Pre-touch: Disabled
 Parallel Workers: 4
 Concurrent Workers: 1
 Concurrent Refinement Workers: 4
 Periodic GC: Disabled

Heap:
 garbage-first heap   total 77824K, used 30845K [0x0000000084000000, 0x0000000100000000)
  region size 1024K, 20 young (20480K), 5 survivors (5120K)
 Metaspace       used 27515K, committed 27712K, reserved 1081344K
  class space    used 2735K, committed 2816K, reserved 1048576K

Heap Regions: E=young(eden), S=young(survivor), O=old, HS=humongous(starts), HC=humongous(continues), CS=collection set, F=free, OA=open archive, CA=closed archive, TAMS=top-at-mark-start (previous, next)
|   0|0x0000000084000000, 0x0000000084100000, 0x0000000084100000|100%| O|  |TAMS 0x0000000084100000, 0x0000000084100000| Untracked 
|   1|0x0000000084100000, 0x0000000084200000, 0x0000000084200000|100%| O|  |TAMS 0x0000000084200000, 0x0000000084200000| Untracked 
|   2|0x0000000084200000, 0x0000000084300000, 0x0000000084300000|100%| O|  |TAMS 0x0000000084300000, 0x0000000084300000| Untracked 
|   3|0x0000000084300000, 0x0000000084400000, 0x0000000084400000|100%| O|  |TAMS 0x0000000084300000, 0x0000000084300000| Untracked 
|   4|0x0000000084400000, 0x0000000084500000, 0x0000000084500000|100%| O|  |TAMS 0x0000000084400000, 0x0000000084500000| Untracked 
|   5|0x0000000084500000, 0x0000000084600000, 0x0000000084600000|100%| O|  |TAMS 0x0000000084500000, 0x0000000084500000| Untracked 
|   6|0x0000000084600000, 0x000000008469f600, 0x0000000084700000| 62%| O|  |TAMS 0x0000000084600000, 0x0000000084600000| Untracked 
|   7|0x0000000084700000, 0x0000000084700000, 0x0000000084800000|  0%| F|  |TAMS 0x0000000084700000, 0x0000000084700000| Untracked 
|   8|0x0000000084800000, 0x0000000084800000, 0x0000000084900000|  0%| F|  |TAMS 0x0000000084800000, 0x0000000084800000| Untracked 
|   9|0x0000000084900000, 0x0000000084900000, 0x0000000084a00000|  0%| F|  |TAMS 0x0000000084900000, 0x0000000084900000| Untracked 
|  10|0x0000000084a00000, 0x0000000084b00000, 0x0000000084b00000|100%| O|  |TAMS 0x0000000084a00000, 0x0000000084b00000| Untracked 
|  11|0x0000000084b00000, 0x0000000084c00000, 0x0000000084c00000|100%| O|  |TAMS 0x0000000084b00000, 0x0000000084c00000| Untracked 
|  12|0x0000000084c00000, 0x0000000084d00000, 0x0000000084d00000|100%| O|  |TAMS 0x0000000084c00000, 0x0000000084d00000| Untracked 
|  13|0x0000000084d00000, 0x0000000084e00000, 0x0000000084e00000|100%| O|  |TAMS 0x0000000084d00000, 0x0000000084e00000| Untracked 
|  14|0x0000000084e00000, 0x0000000084f00000, 0x0000000084f00000|100%| O|  |TAMS 0x0000000084e00000, 0x0000000084e49000| Untracked 
|  15|0x0000000084f00000, 0x0000000084f00000, 0x0000000085000000|  0%| F|  |TAMS 0x0000000084f00000, 0x0000000084f00000| Untracked 
|  16|0x0000000085000000, 0x0000000085000000, 0x0000000085100000|  0%| F|  |TAMS 0x0000000085000000, 0x0000000085000000| Untracked 
|  17|0x0000000085100000, 0x0000000085100000, 0x0000000085200000|  0%| F|  |TAMS 0x0000000085100000, 0x0000000085100000| Untracked 
|  18|0x0000000085200000, 0x0000000085200000, 0x0000000085300000|  0%| F|  |TAMS 0x0000000085200000, 0x0000000085200000| Untracked 
|  19|0x0000000085300000, 0x0000000085300000, 0x0000000085400000|  0%| F|  |TAMS 0x0000000085300000, 0x0000000085300000| Untracked 
|  20|0x0000000085400000, 0x0000000085400000, 0x0000000085500000|  0%| F|  |TAMS 0x0000000085400000, 0x0000000085400000| Untracked 
|  21|0x0000000085500000, 0x0000000085500000, 0x0000000085600000|  0%| F|  |TAMS 0x0000000085500000, 0x0000000085500000| Untracked 
|  22|0x0000000085600000, 0x0000000085600000, 0x0000000085700000|  0%| F|  |TAMS 0x0000000085600000, 0x0000000085600000| Untracked 
|  23|0x0000000085700000, 0x0000000085700000, 0x0000000085800000|  0%| F|  |TAMS 0x0000000085700000, 0x0000000085700000| Untracked 
|  24|0x0000000085800000, 0x0000000085800000, 0x0000000085900000|  0%| F|  |TAMS 0x0000000085800000, 0x0000000085800000| Untracked 
|  25|0x0000000085900000, 0x0000000085900000, 0x0000000085a00000|  0%| F|  |TAMS 0x0000000085900000, 0x0000000085900000| Untracked 
|  26|0x0000000085a00000, 0x0000000085a00000, 0x0000000085b00000|  0%| F|  |TAMS 0x0000000085a00000, 0x0000000085a00000| Untracked 
|  27|0x0000000085b00000, 0x0000000085b80070, 0x0000000085c00000| 50%| S|CS|TAMS 0x0000000085b00000, 0x0000000085b00000| Complete 
|  28|0x0000000085c00000, 0x0000000085d00000, 0x0000000085d00000|100%| S|CS|TAMS 0x0000000085c00000, 0x0000000085c00000| Complete 
|  29|0x0000000085d00000, 0x0000000085e00000, 0x0000000085e00000|100%| S|CS|TAMS 0x0000000085d00000, 0x0000000085d00000| Complete 
|  30|0x0000000085e00000, 0x0000000085f00000, 0x0000000085f00000|100%| S|CS|TAMS 0x0000000085e00000, 0x0000000085e00000| Complete 
|  31|0x0000000085f00000, 0x0000000086000000, 0x0000000086000000|100%| S|CS|TAMS 0x0000000085f00000, 0x0000000085f00000| Complete 
|  32|0x0000000086000000, 0x0000000086000000, 0x0000000086100000|  0%| F|  |TAMS 0x0000000086000000, 0x0000000086000000| Untracked 
|  33|0x0000000086100000, 0x0000000086100000, 0x0000000086200000|  0%| F|  |TAMS 0x0000000086100000, 0x0000000086100000| Untracked 
|  34|0x0000000086200000, 0x0000000086200000, 0x0000000086300000|  0%| F|  |TAMS 0x0000000086200000, 0x0000000086200000| Untracked 
|  35|0x0000000086300000, 0x0000000086300000, 0x0000000086400000|  0%| F|  |TAMS 0x0000000086300000, 0x0000000086300000| Untracked 
|  36|0x0000000086400000, 0x0000000086400000, 0x0000000086500000|  0%| F|  |TAMS 0x0000000086400000, 0x0000000086400000| Untracked 
|  37|0x0000000086500000, 0x0000000086500000, 0x0000000086600000|  0%| F|  |TAMS 0x0000000086500000, 0x0000000086500000| Untracked 
|  38|0x0000000086600000, 0x0000000086600000, 0x0000000086700000|  0%| F|  |TAMS 0x0000000086600000, 0x0000000086600000| Untracked 
|  39|0x0000000086700000, 0x0000000086700000, 0x0000000086800000|  0%| F|  |TAMS 0x0000000086700000, 0x0000000086700000| Untracked 
|  40|0x0000000086800000, 0x0000000086800000, 0x0000000086900000|  0%| F|  |TAMS 0x0000000086800000, 0x0000000086800000| Untracked 
|  41|0x0000000086900000, 0x0000000086900000, 0x0000000086a00000|  0%| F|  |TAMS 0x0000000086900000, 0x0000000086900000| Untracked 
|  42|0x0000000086a00000, 0x0000000086a00000, 0x0000000086b00000|  0%| F|  |TAMS 0x0000000086a00000, 0x0000000086a00000| Untracked 
|  43|0x0000000086b00000, 0x0000000086b00000, 0x0000000086c00000|  0%| F|  |TAMS 0x0000000086b00000, 0x0000000086b00000| Untracked 
|  44|0x0000000086c00000, 0x0000000086c00000, 0x0000000086d00000|  0%| F|  |TAMS 0x0000000086c00000, 0x0000000086c00000| Untracked 
|  45|0x0000000086d00000, 0x0000000086d00000, 0x0000000086e00000|  0%| F|  |TAMS 0x0000000086d00000, 0x0000000086d00000| Untracked 
|  46|0x0000000086e00000, 0x0000000086e00000, 0x0000000086f00000|  0%| F|  |TAMS 0x0000000086e00000, 0x0000000086e00000| Untracked 
|  47|0x0000000086f00000, 0x0000000086f00000, 0x0000000087000000|  0%| F|  |TAMS 0x0000000086f00000, 0x0000000086f00000| Untracked 
|  48|0x0000000087000000, 0x0000000087000000, 0x0000000087100000|  0%| F|  |TAMS 0x0000000087000000, 0x0000000087000000| Untracked 
|  49|0x0000000087100000, 0x0000000087100000, 0x0000000087200000|  0%| F|  |TAMS 0x0000000087100000, 0x0000000087100000| Untracked 
|  50|0x0000000087200000, 0x0000000087200000, 0x0000000087300000|  0%| F|  |TAMS 0x0000000087200000, 0x0000000087200000| Untracked 
|  51|0x0000000087300000, 0x0000000087300000, 0x0000000087400000|  0%| F|  |TAMS 0x0000000087300000, 0x0000000087300000| Untracked 
|  52|0x0000000087400000, 0x0000000087400000, 0x0000000087500000|  0%| F|  |TAMS 0x0000000087400000, 0x0000000087400000| Untracked 
|  53|0x0000000087500000, 0x0000000087500000, 0x0000000087600000|  0%| F|  |TAMS 0x0000000087500000, 0x0000000087500000| Untracked 
|  54|0x0000000087600000, 0x0000000087600000, 0x0000000087700000|  0%| F|  |TAMS 0x0000000087600000, 0x0000000087600000| Untracked 
|  55|0x0000000087700000, 0x0000000087700000, 0x0000000087800000|  0%| F|  |TAMS 0x0000000087700000, 0x0000000087700000| Untracked 
|  56|0x0000000087800000, 0x0000000087800000, 0x0000000087900000|  0%| F|  |TAMS 0x0000000087800000, 0x0000000087800000| Untracked 
|  57|0x0000000087900000, 0x0000000087900000, 0x0000000087a00000|  0%| F|  |TAMS 0x0000000087900000, 0x0000000087900000| Untracked 
|  58|0x0000000087a00000, 0x0000000087a00000, 0x0000000087b00000|  0%| F|  |TAMS 0x0000000087a00000, 0x0000000087a00000| Untracked 
|  59|0x0000000087b00000, 0x0000000087b00000, 0x0000000087c00000|  0%| F|  |TAMS 0x0000000087b00000, 0x0000000087b00000| Untracked 
|  60|0x0000000087c00000, 0x0000000087c00000, 0x0000000087d00000|  0%| F|  |TAMS 0x0000000087c00000, 0x0000000087c00000| Untracked 
|  61|0x0000000087d00000, 0x0000000087d80800, 0x0000000087e00000| 50%| E|  |TAMS 0x0000000087d00000, 0x0000000087d00000| Complete 
|  62|0x0000000087e00000, 0x0000000087f00000, 0x0000000087f00000|100%| E|CS|TAMS 0x0000000087e00000, 0x0000000087e00000| Complete 
|  63|0x0000000087f00000, 0x0000000088000000, 0x0000000088000000|100%| E|CS|TAMS 0x0000000087f00000, 0x0000000087f00000| Complete 
|  64|0x0000000088000000, 0x0000000088100000, 0x0000000088100000|100%| E|CS|TAMS 0x0000000088000000, 0x0000000088000000| Complete 
|  65|0x0000000088100000, 0x0000000088200000, 0x0000000088200000|100%| E|CS|TAMS 0x0000000088100000, 0x0000000088100000| Complete 
|  66|0x0000000088200000, 0x0000000088300000, 0x0000000088300000|100%| E|CS|TAMS 0x0000000088200000, 0x0000000088200000| Complete 
|  67|0x0000000088300000, 0x0000000088400000, 0x0000000088400000|100%| E|CS|TAMS 0x0000000088300000, 0x0000000088300000| Complete 
|  68|0x0000000088400000, 0x0000000088500000, 0x0000000088500000|100%| E|CS|TAMS 0x0000000088400000, 0x0000000088400000| Complete 
|  69|0x0000000088500000, 0x0000000088600000, 0x0000000088600000|100%| E|CS|TAMS 0x0000000088500000, 0x0000000088500000| Complete 
|  70|0x0000000088600000, 0x0000000088700000, 0x0000000088700000|100%| E|CS|TAMS 0x0000000088600000, 0x0000000088600000| Complete 
|  71|0x0000000088700000, 0x0000000088800000, 0x0000000088800000|100%| E|CS|TAMS 0x0000000088700000, 0x0000000088700000| Complete 
| 117|0x000000008b500000, 0x000000008b600000, 0x000000008b600000|100%| E|CS|TAMS 0x000000008b500000, 0x000000008b500000| Complete 
| 118|0x000000008b600000, 0x000000008b700000, 0x000000008b700000|100%| E|CS|TAMS 0x000000008b600000, 0x000000008b600000| Complete 
| 119|0x000000008b700000, 0x000000008b800000, 0x000000008b800000|100%| E|CS|TAMS 0x000000008b700000, 0x000000008b700000| Complete 
| 123|0x000000008bb00000, 0x000000008bc00000, 0x000000008bc00000|100%| E|CS|TAMS 0x000000008bb00000, 0x000000008bb00000| Complete 

Card table byte_map: [0x00000268e0ee0000,0x00000268e12c0000] _byte_map_base: 0x00000268e0ac0000

Marking Bits (Prev, Next): (CMBitMap*) 0x00000268ce4b10f0, (CMBitMap*) 0x00000268ce4b10b0
 Prev Bits: [0x00000268e35a0000, 0x00000268e54a0000)
 Next Bits: [0x00000268e16a0000, 0x00000268e35a0000)

Polling page: 0x00000268cba50000

Metaspace:

Usage:
  Non-class:     24.20 MB used.
      Class:      2.67 MB used.
       Both:     26.87 MB used.

Virtual space:
  Non-class space:       32.00 MB reserved,      24.31 MB ( 76%) committed,  4 nodes.
      Class space:        1.00 GB reserved,       2.75 MB ( <1%) committed,  1 nodes.
             Both:        1.03 GB reserved,      27.06 MB (  3%) committed. 

Chunk freelists:
   Non-Class:  3.70 MB
       Class:  1.13 MB
        Both:  4.83 MB

MaxMetaspaceSize: unlimited
CompressedClassSpaceSize: 1.00 GB
Initial GC threshold: 21.00 MB
Current GC threshold: 35.25 MB
CDS: off
MetaspaceReclaimPolicy: balanced
 - commit_granule_bytes: 65536.
 - commit_granule_words: 8192.
 - virtual_space_node_default_size: 1048576.
 - enlarge_chunks_in_place: 1.
 - new_chunks_are_fully_committed: 0.
 - uncommit_free_chunks: 1.
 - use_allocation_guard: 0.
 - handle_deallocations: 1.


Internal statistics:

num_allocs_failed_limit: 3.
num_arena_births: 112.
num_arena_deaths: 0.
num_vsnodes_births: 5.
num_vsnodes_deaths: 0.
num_space_committed: 433.
num_space_uncommitted: 0.
num_chunks_returned_to_freelist: 3.
num_chunks_taken_from_freelist: 738.
num_chunk_merges: 3.
num_chunk_splits: 498.
num_chunks_enlarged: 377.
num_purges: 0.
num_inconsistent_stats: 0.

CodeHeap 'non-profiled nmethods': size=120000Kb used=2605Kb max_used=2605Kb free=117394Kb
 bounds [0x00000268d95d0000, 0x00000268d9860000, 0x00000268e0b00000]
CodeHeap 'profiled nmethods': size=120000Kb used=9732Kb max_used=9732Kb free=110267Kb
 bounds [0x00000268d1b00000, 0x00000268d2490000, 0x00000268d9030000]
CodeHeap 'non-nmethods': size=5760Kb used=1230Kb max_used=1265Kb free=4529Kb
 bounds [0x00000268d9030000, 0x00000268d92a0000, 0x00000268d95d0000]
 total_blobs=5083 nmethods=4561 adapters=434
 compilation: enabled
              stopped_count=0, restarted_count=0
 full_count=0

Compilation events (20 events):
Event: 5.613 Thread 0x00000268e8a42070 nmethod 4551 0x00000268d9859190 code [0x00000268d9859320, 0x00000268d98598f8]
Event: 5.618 Thread 0x00000268e843c530 4552       3       org.eclipse.aether.internal.impl.collect.DataPool$GraphKey::equals (111 bytes)
Event: 5.619 Thread 0x00000268e843c530 nmethod 4552 0x00000268d247a490 code [0x00000268d247a720, 0x00000268d247b838]
Event: 5.619 Thread 0x00000268e843c530 4554       3       java.util.ArrayList::equalsArrayList (108 bytes)
Event: 5.619 Thread 0x00000268e843c530 nmethod 4554 0x00000268d247bb10 code [0x00000268d247bd20, 0x00000268d247c528]
Event: 5.619 Thread 0x00000268e843c530 4553       3       java.util.ArrayList::equals (62 bytes)
Event: 5.619 Thread 0x00000268e843c530 nmethod 4553 0x00000268d247c810 code [0x00000268d247ca20, 0x00000268d247d1e8]
Event: 5.621 Thread 0x00000268e843c530 4555       3       org.apache.maven.plugin.internal.WagonExcluder::deriveChildSelector (34 bytes)
Event: 5.622 Thread 0x00000268e843c530 nmethod 4555 0x00000268d247d390 code [0x00000268d247d560, 0x00000268d247d8e8]
Event: 5.625 Thread 0x00000268e8a42070 4556       4       java.util.concurrent.ConcurrentHashMap$KeyIterator::next (34 bytes)
Event: 5.625 Thread 0x00000268e79ce050 4557       4       org.apache.maven.model.validation.DefaultModelValidator::validateStringNotEmpty (66 bytes)
Event: 5.625 Thread 0x00000268e843c530 4559   !   3       org.apache.maven.repository.internal.DefaultVersionRangeResolver::resolveVersionRange (230 bytes)
Event: 5.626 Thread 0x00000268e79ce050 nmethod 4557 0x00000268d9859a90 code [0x00000268d9859c00, 0x00000268d9859cf8]
Event: 5.626 Thread 0x00000268e79ce050 4558       4       java.util.HashSet::iterator (13 bytes)
Event: 5.627 Thread 0x00000268e843c530 nmethod 4559 0x00000268d247da90 code [0x00000268d247dea0, 0x00000268d247fd58]
Event: 5.629 Thread 0x00000268e8a42070 nmethod 4556 0x00000268d9859e90 code [0x00000268d985a020, 0x00000268d985a438]
Event: 5.629 Thread 0x00000268e843c530 4560       3       java.lang.invoke.Invokers$Holder::linkToTargetMethod (9 bytes)
Event: 5.630 Thread 0x00000268e843c530 nmethod 4560 0x00000268d2480b10 code [0x00000268d2480cc0, 0x00000268d2481058]
Event: 5.631 Thread 0x00000268e843c530 4561       1       org.apache.maven.model.ActivationFile::setExists (6 bytes)
Event: 5.631 Thread 0x00000268e843c530 nmethod 4561 0x00000268d985a610 code [0x00000268d985a7a0, 0x00000268d985a8b8]

GC Heap History (20 events):
Event: 1.496 GC heap before
{Heap before GC invocations=2 (full 0):
 garbage-first heap   total 126976K, used 32950K [0x0000000084000000, 0x0000000100000000)
  region size 1024K, 29 young (29696K), 1 survivors (1024K)
 Metaspace       used 20500K, committed 20672K, reserved 1073152K
  class space    used 2157K, committed 2240K, reserved 1048576K
}
Event: 1.502 GC heap after
{Heap after GC invocations=3 (full 0):
 garbage-first heap   total 126976K, used 6123K [0x0000000084000000, 0x0000000100000000)
  region size 1024K, 3 young (3072K), 3 survivors (3072K)
 Metaspace       used 20500K, committed 20672K, reserved 1073152K
  class space    used 2157K, committed 2240K, reserved 1048576K
}
Event: 1.594 GC heap before
{Heap before GC invocations=3 (full 0):
 garbage-first heap   total 126976K, used 9195K [0x0000000084000000, 0x0000000100000000)
  region size 1024K, 7 young (7168K), 3 survivors (3072K)
 Metaspace       used 21317K, committed 21504K, reserved 1073152K
  class space    used 2247K, committed 2368K, reserved 1048576K
}
Event: 1.598 GC heap after
{Heap after GC invocations=4 (full 0):
 garbage-first heap   total 126976K, used 6486K [0x0000000084000000, 0x0000000100000000)
  region size 1024K, 3 young (3072K), 3 survivors (3072K)
 Metaspace       used 21317K, committed 21504K, reserved 1073152K
  class space    used 2247K, committed 2368K, reserved 1048576K
}
Event: 1.884 GC heap before
{Heap before GC invocations=5 (full 0):
 garbage-first heap   total 27648K, used 19798K [0x0000000084000000, 0x0000000100000000)
  region size 1024K, 17 young (17408K), 3 survivors (3072K)
 Metaspace       used 22262K, committed 22464K, reserved 1073152K
  class space    used 2323K, committed 2432K, reserved 1048576K
}
Event: 1.893 GC heap after
{Heap after GC invocations=6 (full 0):
 garbage-first heap   total 27648K, used 8736K [0x0000000084000000, 0x0000000100000000)
  region size 1024K, 5 young (5120K), 5 survivors (5120K)
 Metaspace       used 22262K, committed 22464K, reserved 1073152K
  class space    used 2323K, committed 2432K, reserved 1048576K
}
Event: 1.929 GC heap before
{Heap before GC invocations=6 (full 0):
 garbage-first heap   total 27648K, used 9760K [0x0000000084000000, 0x0000000100000000)
  region size 1024K, 6 young (6144K), 5 survivors (5120K)
 Metaspace       used 22493K, committed 22656K, reserved 1073152K
  class space    used 2341K, committed 2432K, reserved 1048576K
}
Event: 1.936 GC heap after
{Heap after GC invocations=7 (full 0):
 garbage-first heap   total 27648K, used 9167K [0x0000000084000000, 0x0000000100000000)
  region size 1024K, 1 young (1024K), 1 survivors (1024K)
 Metaspace       used 22493K, committed 22656K, reserved 1073152K
  class space    used 2341K, committed 2432K, reserved 1048576K
}
Event: 2.058 GC heap before
{Heap before GC invocations=7 (full 0):
 garbage-first heap   total 27648K, used 18383K [0x0000000084000000, 0x0000000100000000)
  region size 1024K, 10 young (10240K), 1 survivors (1024K)
 Metaspace       used 22677K, committed 22848K, reserved 1073152K
  class space    used 2356K, committed 2432K, reserved 1048576K
}
Event: 2.060 GC heap after
{Heap after GC invocations=8 (full 0):
 garbage-first heap   total 27648K, used 9561K [0x0000000084000000, 0x0000000100000000)
  region size 1024K, 2 young (2048K), 2 survivors (2048K)
 Metaspace       used 22677K, committed 22848K, reserved 1073152K
  class space    used 2356K, committed 2432K, reserved 1048576K
}
Event: 2.176 GC heap before
{Heap before GC invocations=8 (full 0):
 garbage-first heap   total 27648K, used 18777K [0x0000000084000000, 0x0000000100000000)
  region size 1024K, 11 young (11264K), 2 survivors (2048K)
 Metaspace       used 22813K, committed 22976K, reserved 1073152K
  class space    used 2365K, committed 2496K, reserved 1048576K
}
Event: 2.180 GC heap after
{Heap after GC invocations=9 (full 0):
 garbage-first heap   total 77824K, used 10382K [0x0000000084000000, 0x0000000100000000)
  region size 1024K, 2 young (2048K), 2 survivors (2048K)
 Metaspace       used 22813K, committed 22976K, reserved 1073152K
  class space    used 2365K, committed 2496K, reserved 1048576K
}
Event: 2.783 GC heap before
{Heap before GC invocations=9 (full 0):
 garbage-first heap   total 77824K, used 49294K [0x0000000084000000, 0x0000000100000000)
  region size 1024K, 40 young (40960K), 2 survivors (2048K)
 Metaspace       used 23375K, committed 23552K, reserved 1073152K
  class space    used 2387K, committed 2496K, reserved 1048576K
}
Event: 2.789 GC heap after
{Heap after GC invocations=10 (full 0):
 garbage-first heap   total 77824K, used 12193K [0x0000000084000000, 0x0000000100000000)
  region size 1024K, 4 young (4096K), 4 survivors (4096K)
 Metaspace       used 23375K, committed 23552K, reserved 1073152K
  class space    used 2387K, committed 2496K, reserved 1048576K
}
Event: 3.033 GC heap before
{Heap before GC invocations=10 (full 0):
 garbage-first heap   total 77824K, used 45985K [0x0000000084000000, 0x0000000100000000)
  region size 1024K, 18 young (18432K), 4 survivors (4096K)
 Metaspace       used 24445K, committed 24640K, reserved 1073152K
  class space    used 2486K, committed 2560K, reserved 1048576K
}
Event: 3.038 GC heap after
{Heap after GC invocations=11 (full 0):
 garbage-first heap   total 77824K, used 33592K [0x0000000084000000, 0x0000000100000000)
  region size 1024K, 4 young (4096K), 4 survivors (4096K)
 Metaspace       used 24445K, committed 24640K, reserved 1073152K
  class space    used 2486K, committed 2560K, reserved 1048576K
}
Event: 3.283 GC heap before
{Heap before GC invocations=11 (full 0):
 garbage-first heap   total 77824K, used 66360K [0x0000000084000000, 0x0000000100000000)
  region size 1024K, 26 young (26624K), 4 survivors (4096K)
 Metaspace       used 24652K, committed 24832K, reserved 1073152K
  class space    used 2490K, committed 2560K, reserved 1048576K
}
Event: 3.288 GC heap after
{Heap after GC invocations=12 (full 0):
 garbage-first heap   total 77824K, used 14631K [0x0000000084000000, 0x0000000100000000)
  region size 1024K, 3 young (3072K), 3 survivors (3072K)
 Metaspace       used 24652K, committed 24832K, reserved 1073152K
  class space    used 2490K, committed 2560K, reserved 1048576K
}
Event: 4.035 GC heap before
{Heap before GC invocations=12 (full 0):
 garbage-first heap   total 77824K, used 56615K [0x0000000084000000, 0x0000000100000000)
  region size 1024K, 44 young (45056K), 3 survivors (3072K)
 Metaspace       used 26585K, committed 26880K, reserved 1073152K
  class space    used 2651K, committed 2816K, reserved 1048576K
}
Event: 4.041 GC heap after
{Heap after GC invocations=13 (full 0):
 garbage-first heap   total 77824K, used 16509K [0x0000000084000000, 0x0000000100000000)
  region size 1024K, 5 young (5120K), 5 survivors (5120K)
 Metaspace       used 26585K, committed 26880K, reserved 1073152K
  class space    used 2651K, committed 2816K, reserved 1048576K
}

Dll operation events (7 events):
Event: 0.018 Loaded shared library D:\sts\sts-4.18.0.RELEASE\plugins\org.eclipse.justj.openjdk.hotspot.jre.full.win32.x86_64_17.0.6.v20230204-1729\jre\bin\java.dll
Event: 0.141 Loaded shared library D:\sts\sts-4.18.0.RELEASE\plugins\org.eclipse.justj.openjdk.hotspot.jre.full.win32.x86_64_17.0.6.v20230204-1729\jre\bin\net.dll
Event: 0.143 Loaded shared library D:\sts\sts-4.18.0.RELEASE\plugins\org.eclipse.justj.openjdk.hotspot.jre.full.win32.x86_64_17.0.6.v20230204-1729\jre\bin\nio.dll
Event: 0.149 Loaded shared library D:\sts\sts-4.18.0.RELEASE\plugins\org.eclipse.justj.openjdk.hotspot.jre.full.win32.x86_64_17.0.6.v20230204-1729\jre\bin\zip.dll
Event: 0.321 Loaded shared library D:\sts\sts-4.18.0.RELEASE\plugins\org.eclipse.justj.openjdk.hotspot.jre.full.win32.x86_64_17.0.6.v20230204-1729\jre\bin\jimage.dll
Event: 0.401 Loaded shared library C:\Users\Admin\AppData\Local\Temp\jansi-2.4.0-d24cb9bae2172a40-jansi.dll
Event: 0.410 Loaded shared library D:\sts\sts-4.18.0.RELEASE\plugins\org.eclipse.justj.openjdk.hotspot.jre.full.win32.x86_64_17.0.6.v20230204-1729\jre\bin\verify.dll

Deoptimization events (20 events):
Event: 4.123 Thread 0x00000268ce455b40 Uncommon trap: trap_request=0xffffffde fr.pc=0x00000268d970fa68 relative=0x0000000000000068
Event: 4.123 Thread 0x00000268ce455b40 Uncommon trap: reason=class_check action=maybe_recompile pc=0x00000268d970fa68 method=java.util.Collections$UnmodifiableMap$UnmodifiableEntrySet$UnmodifiableEntry.getValue()Ljava/lang/Object; @ 4 c2
Event: 4.123 Thread 0x00000268ce455b40 DEOPT PACKING pc=0x00000268d970fa68 sp=0x0000009f7b9fda40
Event: 4.123 Thread 0x00000268ce455b40 DEOPT UNPACKING pc=0x00000268d908a1a3 sp=0x0000009f7b9fd9d0 mode 2
Event: 4.123 Thread 0x00000268ce455b40 Uncommon trap: trap_request=0xffffffde fr.pc=0x00000268d9705570 relative=0x0000000000000070
Event: 4.123 Thread 0x00000268ce455b40 Uncommon trap: reason=class_check action=maybe_recompile pc=0x00000268d9705570 method=java.util.Collections$UnmodifiableMap$UnmodifiableEntrySet$1.hasNext()Z @ 4 c2
Event: 4.123 Thread 0x00000268ce455b40 DEOPT PACKING pc=0x00000268d9705570 sp=0x0000009f7b9fda50
Event: 4.123 Thread 0x00000268ce455b40 DEOPT UNPACKING pc=0x00000268d908a1a3 sp=0x0000009f7b9fd9e0 mode 2
Event: 4.123 Thread 0x00000268ce455b40 Uncommon trap: trap_request=0xffffffde fr.pc=0x00000268d970f174 relative=0x00000000000004d4
Event: 4.123 Thread 0x00000268ce455b40 Uncommon trap: reason=class_check action=maybe_recompile pc=0x00000268d970f174 method=java.util.Collections$UnmodifiableMap$UnmodifiableEntrySet$1.next()Ljava/util/Map$Entry; @ 8 c2
Event: 4.123 Thread 0x00000268ce455b40 DEOPT PACKING pc=0x00000268d970f174 sp=0x0000009f7b9fda00
Event: 4.123 Thread 0x00000268ce455b40 DEOPT UNPACKING pc=0x00000268d908a1a3 sp=0x0000009f7b9fd970 mode 2
Event: 4.123 Thread 0x00000268ce455b40 Uncommon trap: trap_request=0xffffffde fr.pc=0x00000268d970f768 relative=0x0000000000000068
Event: 4.123 Thread 0x00000268ce455b40 Uncommon trap: reason=class_check action=maybe_recompile pc=0x00000268d970f768 method=java.util.Collections$UnmodifiableMap$UnmodifiableEntrySet$UnmodifiableEntry.getKey()Ljava/lang/Object; @ 4 c2
Event: 4.123 Thread 0x00000268ce455b40 DEOPT PACKING pc=0x00000268d970f768 sp=0x0000009f7b9fda50
Event: 4.123 Thread 0x00000268ce455b40 DEOPT UNPACKING pc=0x00000268d908a1a3 sp=0x0000009f7b9fd9e0 mode 2
Event: 4.123 Thread 0x00000268ce455b40 Uncommon trap: trap_request=0xffffffde fr.pc=0x00000268d970fa68 relative=0x0000000000000068
Event: 4.123 Thread 0x00000268ce455b40 Uncommon trap: reason=class_check action=maybe_recompile pc=0x00000268d970fa68 method=java.util.Collections$UnmodifiableMap$UnmodifiableEntrySet$UnmodifiableEntry.getValue()Ljava/lang/Object; @ 4 c2
Event: 4.123 Thread 0x00000268ce455b40 DEOPT PACKING pc=0x00000268d970fa68 sp=0x0000009f7b9fda40
Event: 4.123 Thread 0x00000268ce455b40 DEOPT UNPACKING pc=0x00000268d908a1a3 sp=0x0000009f7b9fd9d0 mode 2

Classes unloaded (0 events):
No events

Classes redefined (0 events):
No events

Internal exceptions (20 events):
Event: 1.409 Thread 0x00000268ce455b40 Exception <a 'java/lang/NoClassDefFoundError'{0x000000008a0e4608}: com/google/inject/servlet/ServletModuleTargetVisitor> (0x000000008a0e4608) 
thrown [s\src\hotspot\share\classfile\systemDictionary.cpp, line 245]
Event: 1.427 Thread 0x00000268ce455b40 Exception <a 'java/lang/NoSuchMethodError'{0x0000000089f0cb88}: 'java.lang.Object java.lang.invoke.DirectMethodHandle$Holder.invokeStaticInit(java.lang.Object)'> (0x0000000089f0cb88) 
thrown [s\src\hotspot\share\interpreter\linkResolver.cpp, line 759]
Event: 1.504 Thread 0x00000268ce455b40 Exception <a 'java/lang/NoSuchMethodError'{0x000000008bb06730}: 'java.lang.Object java.lang.invoke.DirectMethodHandle$Holder.invokeStaticInit(java.lang.Object, int, int, int, int)'> (0x000000008bb06730) 
thrown [s\src\hotspot\share\interpreter\linkResolver.cpp, line 759]
Event: 1.612 Thread 0x00000268ce455b40 Implicit null exception at 0x00000268d95fd972 to 0x00000268d95fdfb0
Event: 1.613 Thread 0x00000268ce455b40 Implicit null exception at 0x00000268d95ff172 to 0x00000268d95ff7c8
Event: 2.507 Thread 0x00000268ce455b40 Implicit null exception at 0x00000268d966f36a to 0x00000268d966f520
Event: 2.507 Thread 0x00000268ce455b40 Implicit null exception at 0x00000268d965f26a to 0x00000268d965f41c
Event: 2.508 Thread 0x00000268ce455b40 Implicit null exception at 0x00000268d965550f to 0x00000268d9655585
Event: 2.963 Thread 0x00000268ce455b40 Implicit null exception at 0x00000268d978bd80 to 0x00000268d978c6e8
Event: 3.523 Thread 0x00000268ce455b40 Implicit null exception at 0x00000268d97a1b58 to 0x00000268d97a492c
Event: 3.711 Thread 0x00000268ce455b40 Exception <a 'java/lang/NoSuchMethodError'{0x0000000087426578}: 'java.lang.String org.apache.maven.execution.MavenExecutionRequest.getFailureBehavior()'> (0x0000000087426578) 
thrown [s\src\hotspot\share\interpreter\linkResolver.cpp, line 855]
Event: 3.736 Thread 0x00000268ea4c8420 Implicit null exception at 0x00000268d978ce0e to 0x00000268d978ced4
Event: 3.744 Thread 0x00000268ea4c8420 Exception <a 'java/lang/NoSuchMethodError'{0x00000000874c6770}: 'java.lang.Object java.lang.invoke.DirectMethodHandle$Holder.invokeStaticInit(java.lang.Object, java.lang.Object, long, java.lang.Object)'> (0x00000000874c6770) 
thrown [s\src\hotspot\share\interpreter\linkResolver.cpp, line 759]
Event: 3.745 Thread 0x00000268ea4c8420 Exception <a 'java/lang/NoSuchMethodError'{0x00000000874cd078}: 'java.lang.Object java.lang.invoke.DirectMethodHandle$Holder.newInvokeSpecial(java.lang.Object, java.lang.Object, long)'> (0x00000000874cd078) 
thrown [s\src\hotspot\share\interpreter\linkResolver.cpp, line 759]
Event: 3.745 Thread 0x00000268ea4c8420 Exception <a 'java/lang/NoSuchMethodError'{0x00000000874d1368}: 'java.lang.Object java.lang.invoke.Invokers$Holder.linkToTargetMethod(java.lang.Object, long, java.lang.Object)'> (0x00000000874d1368) 
thrown [s\src\hotspot\share\interpreter\linkResolver.cpp, line 759]
Event: 3.825 Thread 0x00000268ce455b40 Exception <a 'java/lang/NoSuchMethodError'{0x00000000873a1e40}: 'java.lang.Object java.lang.invoke.DirectMethodHandle$Holder.invokeStaticInit(java.lang.Object, java.lang.Object, int, int, int, int)'> (0x00000000873a1e40) 
thrown [s\src\hotspot\share\interpreter\linkResolver.cpp, line 759]
Event: 4.141 Thread 0x00000268ce455b40 Exception <a 'java/lang/NoSuchMethodError'{0x00000000887d9728}: 'void java.lang.invoke.DirectMethodHandle$Holder.invokeStatic(java.lang.Object, long)'> (0x00000000887d9728) 
thrown [s\src\hotspot\share\interpreter\linkResolver.cpp, line 759]
Event: 4.142 Thread 0x00000268ce455b40 Exception <a 'java/lang/NoSuchMethodError'{0x00000000887def88}: 'java.lang.Object java.lang.invoke.DirectMethodHandle$Holder.newInvokeSpecial(java.lang.Object, long)'> (0x00000000887def88) 
thrown [s\src\hotspot\share\interpreter\linkResolver.cpp, line 759]
Event: 5.555 Thread 0x00000268ce455b40 Exception <a 'sun/nio/fs/WindowsException'{0x0000000088691a88}> (0x0000000088691a88) 
thrown [s\src\hotspot\share\prims\jni.cpp, line 516]
Event: 5.555 Thread 0x00000268ce455b40 Exception <a 'java/lang/reflect/InvocationTargetException'{0x0000000088692160}> (0x0000000088692160) 
thrown [s\src\hotspot\share\runtime\reflection.cpp, line 1121]

VM Operations (20 events):
Event: 3.033 Executing VM operation: G1TryInitiateConcMark
Event: 3.038 Executing VM operation: G1TryInitiateConcMark done
Event: 3.283 Executing VM operation: G1CollectForAllocation
Event: 3.288 Executing VM operation: G1CollectForAllocation done
Event: 3.698 Executing VM operation: HandshakeAllThreads
Event: 3.698 Executing VM operation: HandshakeAllThreads done
Event: 3.805 Executing VM operation: HandshakeAllThreads
Event: 3.805 Executing VM operation: HandshakeAllThreads done
Event: 4.006 Executing VM operation: ICBufferFull
Event: 4.006 Executing VM operation: ICBufferFull done
Event: 4.035 Executing VM operation: G1CollectForAllocation
Event: 4.041 Executing VM operation: G1CollectForAllocation done
Event: 4.067 Executing VM operation: HandshakeAllThreads
Event: 4.067 Executing VM operation: HandshakeAllThreads done
Event: 4.120 Executing VM operation: HandshakeAllThreads
Event: 4.120 Executing VM operation: HandshakeAllThreads done
Event: 4.143 Executing VM operation: HandshakeAllThreads
Event: 4.143 Executing VM operation: HandshakeAllThreads done
Event: 5.147 Executing VM operation: Cleanup
Event: 5.147 Executing VM operation: Cleanup done

Events (20 events):
Event: 4.146 loading class java/io/PrintWriter done
Event: 4.147 Thread 0x00000268ea4c9760 Thread added: 0x00000268ea4c9760
Event: 4.147 Thread 0x00000268ea4c9c30 Thread added: 0x00000268ea4c9c30
Event: 4.147 Thread 0x00000268ea4caf70 Thread added: 0x00000268ea4caf70
Event: 4.473 Thread 0x00000268e8a42070 Thread exited: 0x00000268e8a42070
Event: 5.521 Thread 0x00000268ea4caf70 Thread exited: 0x00000268ea4caf70
Event: 5.521 Thread 0x00000268ea4c9c30 Thread exited: 0x00000268ea4c9c30
Event: 5.521 Thread 0x00000268ea4c88f0 Thread exited: 0x00000268ea4c88f0
Event: 5.522 Thread 0x00000268ea4c9760 Thread exited: 0x00000268ea4c9760
Event: 5.551 Thread 0x00000268ea4c8420 Thread exited: 0x00000268ea4c8420
Event: 5.551 Thread 0x00000268ea4ca5d0 Thread exited: 0x00000268ea4ca5d0
Event: 5.555 loading class java/io/FileFilter
Event: 5.555 loading class java/io/FileFilter done
Event: 5.555 loading class sun/nio/fs/WindowsException
Event: 5.555 loading class sun/nio/fs/WindowsException done
Event: 5.555 loading class java/nio/file/DirectoryNotEmptyException
Event: 5.555 loading class java/nio/file/FileSystemException
Event: 5.555 loading class java/nio/file/FileSystemException done
Event: 5.555 loading class java/nio/file/DirectoryNotEmptyException done
Event: 5.566 Thread 0x00000268e8a42070 Thread added: 0x00000268e8a42070


Dynamic libraries:
0x00007ff7afc80000 - 0x00007ff7afc8e000 	D:\sts\sts-4.18.0.RELEASE\plugins\org.eclipse.justj.openjdk.hotspot.jre.full.win32.x86_64_17.0.6.v20230204-1729\jre\bin\javaw.exe
0x00007ffbe05b0000 - 0x00007ffbe07c4000 	C:\Windows\SYSTEM32\ntdll.dll
0x00007ffbdfb50000 - 0x00007ffbdfc13000 	C:\Windows\System32\KERNEL32.DLL
0x00007ffbddc00000 - 0x00007ffbddf9c000 	C:\Windows\System32\KERNELBASE.dll
0x00007ffbbe6d0000 - 0x00007ffbbe79f000 	C:\Program Files\Bitdefender\Bitdefender Security\bdhkm\dlls_266184808945032704\bdhkm64.dll
0x00007ffbbc2a0000 - 0x00007ffbbc3dc000 	C:\Program Files\Bitdefender\Bitdefender Security\atcuf\dlls_266373855640000000\atcuf64.dll
0x00007ffbde2a0000 - 0x00007ffbde3b1000 	C:\Windows\System32\ucrtbase.dll
0x00007ffbadfc0000 - 0x00007ffbadfd7000 	D:\sts\sts-4.18.0.RELEASE\plugins\org.eclipse.justj.openjdk.hotspot.jre.full.win32.x86_64_17.0.6.v20230204-1729\jre\bin\jli.dll
0x00007ffbde6f0000 - 0x00007ffbde89d000 	C:\Windows\System32\USER32.dll
0x00007ffbdda90000 - 0x00007ffbddab6000 	C:\Windows\System32\win32u.dll
0x00007ffbdef60000 - 0x00007ffbdef89000 	C:\Windows\System32\GDI32.dll
0x00007ffbddfa0000 - 0x00007ffbde0b3000 	C:\Windows\System32\gdi32full.dll
0x00007ffbdd9f0000 - 0x00007ffbdda8a000 	C:\Windows\System32\msvcp_win.dll
0x00007ffbaded0000 - 0x00007ffbadee9000 	D:\sts\sts-4.18.0.RELEASE\plugins\org.eclipse.justj.openjdk.hotspot.jre.full.win32.x86_64_17.0.6.v20230204-1729\jre\bin\VCRUNTIME140.dll
0x00007ffbbf9d0000 - 0x00007ffbbfc5e000 	C:\Windows\WinSxS\amd64_microsoft.windows.common-controls_6595b64144ccf1df_6.0.22621.608_none_a9444ca7c10bb01d\COMCTL32.dll
0x00007ffbde640000 - 0x00007ffbde6e7000 	C:\Windows\System32\msvcrt.dll
0x00007ffbdef00000 - 0x00007ffbdef31000 	C:\Windows\System32\IMM32.DLL
0x00007ffbae1d0000 - 0x00007ffbae1dc000 	D:\sts\sts-4.18.0.RELEASE\plugins\org.eclipse.justj.openjdk.hotspot.jre.full.win32.x86_64_17.0.6.v20230204-1729\jre\bin\vcruntime140_1.dll
0x00007ffb8f6d0000 - 0x00007ffb8f761000 	D:\sts\sts-4.18.0.RELEASE\plugins\org.eclipse.justj.openjdk.hotspot.jre.full.win32.x86_64_17.0.6.v20230204-1729\jre\bin\msvcp140.dll
0x00007ffb69900000 - 0x00007ffb6a547000 	D:\sts\sts-4.18.0.RELEASE\plugins\org.eclipse.justj.openjdk.hotspot.jre.full.win32.x86_64_17.0.6.v20230204-1729\jre\bin\server\jvm.dll
0x00007ffbe0030000 - 0x00007ffbe00de000 	C:\Windows\System32\ADVAPI32.dll
0x00007ffbdfaa0000 - 0x00007ffbdfb44000 	C:\Windows\System32\sechost.dll
0x00007ffbde8a0000 - 0x00007ffbde9b5000 	C:\Windows\System32\RPCRT4.dll
0x00007ffbad860000 - 0x00007ffbad869000 	C:\Windows\SYSTEM32\WSOCK32.dll
0x00007ffbdfc20000 - 0x00007ffbdfc91000 	C:\Windows\System32\WS2_32.dll
0x00007ffbd4700000 - 0x00007ffbd4734000 	C:\Windows\SYSTEM32\WINMM.dll
0x00007ffbcbbf0000 - 0x00007ffbcbbfa000 	C:\Windows\SYSTEM32\VERSION.dll
0x00007ffbdca00000 - 0x00007ffbdca18000 	C:\Windows\SYSTEM32\kernel.appcore.dll
0x00007ffbbe930000 - 0x00007ffbbe93a000 	D:\sts\sts-4.18.0.RELEASE\plugins\org.eclipse.justj.openjdk.hotspot.jre.full.win32.x86_64_17.0.6.v20230204-1729\jre\bin\jimage.dll
0x00007ffbdb2c0000 - 0x00007ffbdb4ee000 	C:\Windows\SYSTEM32\DBGHELP.DLL
0x00007ffbdfca0000 - 0x00007ffbe0029000 	C:\Windows\System32\combase.dll
0x00007ffbde4f0000 - 0x00007ffbde5c7000 	C:\Windows\System32\OLEAUT32.dll
0x00007ffbb0ac0000 - 0x00007ffbb0af2000 	C:\Windows\SYSTEM32\dbgcore.DLL
0x00007ffbddb80000 - 0x00007ffbddbfb000 	C:\Windows\System32\bcryptPrimitives.dll
0x00007ffbae1e0000 - 0x00007ffbae205000 	D:\sts\sts-4.18.0.RELEASE\plugins\org.eclipse.justj.openjdk.hotspot.jre.full.win32.x86_64_17.0.6.v20230204-1729\jre\bin\java.dll
0x00007ffbbe910000 - 0x00007ffbbe928000 	D:\sts\sts-4.18.0.RELEASE\plugins\org.eclipse.justj.openjdk.hotspot.jre.full.win32.x86_64_17.0.6.v20230204-1729\jre\bin\zip.dll
0x00007ffbdf1b0000 - 0x00007ffbdf9a0000 	C:\Windows\System32\SHELL32.dll
0x00007ffbdb9b0000 - 0x00007ffbdc27e000 	C:\Windows\SYSTEM32\windows.storage.dll
0x00007ffbdb870000 - 0x00007ffbdb9ae000 	C:\Windows\SYSTEM32\wintypes.dll
0x00007ffbdeb80000 - 0x00007ffbdec71000 	C:\Windows\System32\SHCORE.dll
0x00007ffbdec80000 - 0x00007ffbdecde000 	C:\Windows\System32\shlwapi.dll
0x00007ffbdd920000 - 0x00007ffbdd941000 	C:\Windows\SYSTEM32\profapi.dll
0x00007ffbb02b0000 - 0x00007ffbb02c9000 	D:\sts\sts-4.18.0.RELEASE\plugins\org.eclipse.justj.openjdk.hotspot.jre.full.win32.x86_64_17.0.6.v20230204-1729\jre\bin\net.dll
0x00007ffbd73a0000 - 0x00007ffbd74cf000 	C:\Windows\SYSTEM32\WINHTTP.dll
0x00007ffbdce60000 - 0x00007ffbdcec9000 	C:\Windows\system32\mswsock.dll
0x00007ffbae160000 - 0x00007ffbae175000 	D:\sts\sts-4.18.0.RELEASE\plugins\org.eclipse.justj.openjdk.hotspot.jre.full.win32.x86_64_17.0.6.v20230204-1729\jre\bin\nio.dll
0x0000000069ac0000 - 0x0000000069ae4000 	C:\Users\Admin\AppData\Local\Temp\jansi-2.4.0-d24cb9bae2172a40-jansi.dll
0x00007ffbbd8a0000 - 0x00007ffbbd8b0000 	D:\sts\sts-4.18.0.RELEASE\plugins\org.eclipse.justj.openjdk.hotspot.jre.full.win32.x86_64_17.0.6.v20230204-1729\jre\bin\verify.dll
0x00007ffbdc4d0000 - 0x00007ffbdc4fd000 	C:\Windows\SYSTEM32\IPHLPAPI.DLL
0x00007ffbdef50000 - 0x00007ffbdef59000 	C:\Windows\System32\NSI.dll
0x00007ffbd54d0000 - 0x00007ffbd54e9000 	C:\Windows\SYSTEM32\dhcpcsvc6.DLL
0x00007ffbd54b0000 - 0x00007ffbd54cf000 	C:\Windows\SYSTEM32\dhcpcsvc.DLL
0x00007ffbdc500000 - 0x00007ffbdc5f3000 	C:\Windows\SYSTEM32\DNSAPI.dll
0x00007ffbdd180000 - 0x00007ffbdd19b000 	C:\Windows\SYSTEM32\CRYPTSP.dll
0x00007ffbdc970000 - 0x00007ffbdc9a5000 	C:\Windows\system32\rsaenh.dll
0x00007ffbdcf00000 - 0x00007ffbdcf28000 	C:\Windows\SYSTEM32\USERENV.dll
0x00007ffbdd2d0000 - 0x00007ffbdd2f8000 	C:\Windows\SYSTEM32\bcrypt.dll
0x00007ffbdd160000 - 0x00007ffbdd16c000 	C:\Windows\SYSTEM32\CRYPTBASE.dll

dbghelp: loaded successfully - version: 4.0.5 - missing functions: none
symbol engine: initialized successfully - sym options: 0x614 - pdb path: .;D:\sts\sts-4.18.0.RELEASE\plugins\org.eclipse.justj.openjdk.hotspot.jre.full.win32.x86_64_17.0.6.v20230204-1729\jre\bin;C:\Windows\SYSTEM32;C:\Program Files\Bitdefender\Bitdefender Security\bdhkm\dlls_266184808945032704;C:\Program Files\Bitdefender\Bitdefender Security\atcuf\dlls_266373855640000000;C:\Windows\WinSxS\amd64_microsoft.windows.common-controls_6595b64144ccf1df_6.0.22621.608_none_a9444ca7c10bb01d;D:\sts\sts-4.18.0.RELEASE\plugins\org.eclipse.justj.openjdk.hotspot.jre.full.win32.x86_64_17.0.6.v20230204-1729\jre\bin\server;C:\Users\Admin\AppData\Local\Temp

VM Arguments:
jvm_args: -Dmaven.home=EMBEDDED -Dclassworlds.conf=D:\stsworkspace\.metadata\.plugins\org.eclipse.m2e.launching\launches\m2conf5959918867221118465.tmp -Dmaven.multiModuleProjectDirectory=D:\demo\demo\demo -Dm2e.build.project.data.socket.port=51487 -Dfile.encoding=UTF-8 -XX:+ShowCodeDetailsInExceptionMessages 
java_command: org.codehaus.plexus.classworlds.launcher.Launcher -B -Dstyle.color=always install
java_class_path (initial): D:\sts\sts-4.18.0.RELEASE\plugins\org.eclipse.m2e.maven.runtime_3.8.701.20230209-1606\jars\plexus-classworlds-2.6.0.jar
Launcher Type: SUN_STANDARD

[Global flags]
     intx CICompilerCount                          = 3                                         {product} {ergonomic}
     uint ConcGCThreads                            = 1                                         {product} {ergonomic}
     uint G1ConcRefinementThreads                  = 4                                         {product} {ergonomic}
   size_t G1HeapRegionSize                         = 1048576                                   {product} {ergonomic}
    uintx GCDrainStackTargetSize                   = 64                                        {product} {ergonomic}
   size_t InitialHeapSize                          = 130023424                                 {product} {ergonomic}
   size_t MarkStackSize                            = 4194304                                   {product} {ergonomic}
   size_t MaxHeapSize                              = 2080374784                                {product} {ergonomic}
   size_t MaxNewSize                               = 1247805440                                {product} {ergonomic}
   size_t MinHeapDeltaBytes                        = 1048576                                   {product} {ergonomic}
   size_t MinHeapSize                              = 8388608                                   {product} {ergonomic}
    uintx NonNMethodCodeHeapSize                   = 5832780                                {pd product} {ergonomic}
    uintx NonProfiledCodeHeapSize                  = 122912730                              {pd product} {ergonomic}
    uintx ProfiledCodeHeapSize                     = 122912730                              {pd product} {ergonomic}
    uintx ReservedCodeCacheSize                    = 251658240                              {pd product} {ergonomic}
     bool SegmentedCodeCache                       = true                                      {product} {ergonomic}
     bool ShowCodeDetailsInExceptionMessages       = true                                   {manageable} {command line}
   size_t SoftMaxHeapSize                          = 2080374784                             {manageable} {ergonomic}
     bool UseCompressedClassPointers               = true                           {product lp64_product} {ergonomic}
     bool UseCompressedOops                        = true                           {product lp64_product} {ergonomic}
     bool UseG1GC                                  = true                                      {product} {ergonomic}
     bool UseLargePagesIndividualAllocation        = false                                  {pd product} {ergonomic}

Logging:
Log output configuration:
 #0: stdout all=warning uptime,level,tags
 #1: stderr all=off uptime,level,tags

Environment Variables:
PATH=D:/sts/sts-4.18.0.RELEASE//plugins/org.eclipse.justj.openjdk.hotspot.jre.full.win32.x86_64_17.0.6.v20230204-1729/jre/bin/server;D:/sts/sts-4.18.0.RELEASE//plugins/org.eclipse.justj.openjdk.hotspot.jre.full.win32.x86_64_17.0.6.v20230204-1729/jre/bin;C:\Windows\system32;C:\Windows;C:\Windows\System32\Wbem;C:\Windows\System32\WindowsPowerShell\v1.0\;C:\Windows\System32\OpenSSH\;C:\Program Files\MySQL\MySQL Shell 8.0\bin\;C:\Users\Admin\AppData\Local\Microsoft\WindowsApps;;D:\sts\sts-4.18.0.RELEASE;
USERNAME=Admin
OS=Windows_NT
PROCESSOR_IDENTIFIER=Intel64 Family 6 Model 140 Stepping 1, GenuineIntel
TMP=C:\Users\Admin\AppData\Local\Temp
TEMP=C:\Users\Admin\AppData\Local\Temp



---------------  S Y S T E M  ---------------

OS:
 Windows 11 , 64 bit Build 22621 (10.0.22621.1344)
OS uptime: 2 days 3:56 hours
Hyper-V role detected

CPU: total 4 (initial active 4) (2 cores per cpu, 2 threads per core) family 6 model 140 stepping 1 microcode 0xa4, cx8, cmov, fxsr, ht, mmx, 3dnowpref, sse, sse2, sse3, ssse3, sse4.1, sse4.2, popcnt, lzcnt, tsc, tscinvbit, avx, avx2, aes, erms, clmul, bmi1, bmi2, adx, avx512f, avx512dq, avx512cd, avx512bw, avx512vl, sha, fma, vzeroupper, avx512_vpopcntdq, avx512_vpclmulqdq, avx512_vaes, avx512_vnni, clflush, clflushopt, clwb, avx512_vbmi2, avx512_vbmi, hv

Memory: 4k page, system-wide physical 7932M (609M free)
TotalPageFile size 16168M (AvailPageFile size 1932M)
current process WorkingSet (physical memory assigned to process): 292M, peak: 292M
current process commit charge ("private bytes"): 319M, peak: 319M

vm_info: OpenJDK 64-Bit Server VM (17.0.6+10) for windows-amd64 JRE (17.0.6+10), built on Jan 18 2023 10:08:59 by "temurin" with MS VC++ 16.7 (VS2019)

END.
